TN:
SF:/Users/song/GradutionProject/edu-graph-vue3/babel.config.js
FNF:0
FNH:0
DA:1,0
LF:1
LH:0
BRF:0
BRH:0
end_of_record
TN:
SF:/Users/song/GradutionProject/edu-graph-vue3/vue.config.js
FN:40,(anonymous_0)
FN:58,(anonymous_1)
FNF:2
FNH:0
FNDA:0,(anonymous_0)
FNDA:0,(anonymous_1)
DA:2,0
DA:6,0
DA:41,0
DA:42,0
DA:45,0
DA:46,0
DA:57,0
DA:59,0
DA:60,0
LF:9
LH:0
BRDA:41,0,0,0
BRDA:41,0,1,0
BRF:2
BRH:0
end_of_record
TN:
SF:/Users/song/GradutionProject/edu-graph-vue3/coverage/lcov-report/block-navigation.js
FN:2,init
FN:24,toggleClass
FN:31,makeCurrent
FN:41,goToPrevious
FN:52,goToNext
FN:65,jump
FNF:6
FNH:0
FNDA:0,init
FNDA:0,toggleClass
FNDA:0,makeCurrent
FNDA:0,goToPrevious
FNDA:0,goToNext
FNDA:0,jump
DA:2,0
DA:4,0
DA:7,0
DA:10,0
DA:14,0
DA:20,0
DA:25,0
DA:28,0
DA:32,0
DA:33,0
DA:34,0
DA:42,0
DA:43,0
DA:44,0
DA:45,0
DA:46,0
DA:49,0
DA:53,0
DA:55,0
DA:59,0
DA:62,0
DA:65,0
DA:66,0
DA:69,0
DA:70,0
DA:74,0
DA:75,0
DA:79,0
LF:28
LH:0
BRDA:43,0,0,0
BRDA:43,0,1,0
BRDA:43,1,0,0
BRDA:43,1,1,0
BRDA:45,2,0,0
BRDA:45,2,1,0
BRDA:55,3,0,0
BRDA:55,3,1,0
BRDA:56,4,0,0
BRDA:56,4,1,0
BRDA:66,5,0,0
BRDA:66,5,1,0
BRDA:66,5,2,0
BRDA:66,5,3,0
BRDA:66,5,4,0
BRF:15
BRH:0
end_of_record
TN:
SF:/Users/song/GradutionProject/edu-graph-vue3/coverage/lcov-report/prettify.js
FN:2,(anonymous_0)
FN:2,k
FN:2,ab
FN:2,T
FN:2,X
FN:2,(anonymous_5)
FN:2,W
FN:2,(anonymous_7)
FN:2,a
FN:2,aa
FN:2,B
FN:2,o
FN:2,g
FN:2,(anonymous_13)
FN:2,(anonymous_14)
FN:2,i
FN:2,Q
FN:2,ae
FN:2,ad
FN:2,ai
FN:2,D
FN:2,c
FN:2,q
FN:2,d
FN:2,y
FN:2,b
FN:2,Y
FN:2,(anonymous_27)
FN:2,U
FNF:29
FNH:0
FNDA:0,(anonymous_0)
FNDA:0,k
FNDA:0,ab
FNDA:0,T
FNDA:0,X
FNDA:0,(anonymous_5)
FNDA:0,W
FNDA:0,(anonymous_7)
FNDA:0,a
FNDA:0,aa
FNDA:0,B
FNDA:0,o
FNDA:0,g
FNDA:0,(anonymous_13)
FNDA:0,(anonymous_14)
FNDA:0,i
FNDA:0,Q
FNDA:0,ae
FNDA:0,ad
FNDA:0,ai
FNDA:0,D
FNDA:0,c
FNDA:0,q
FNDA:0,d
FNDA:0,y
FNDA:0,b
FNDA:0,Y
FNDA:0,(anonymous_27)
FNDA:0,U
DA:2,0
LF:1
LH:0
BRDA:2,0,0,0
BRDA:2,0,1,0
BRDA:2,1,0,0
BRDA:2,1,1,0
BRDA:2,2,0,0
BRDA:2,2,1,0
BRDA:2,3,0,0
BRDA:2,3,1,0
BRDA:2,4,0,0
BRDA:2,4,1,0
BRDA:2,5,0,0
BRDA:2,5,1,0
BRDA:2,6,0,0
BRDA:2,6,1,0
BRDA:2,7,0,0
BRDA:2,7,1,0
BRDA:2,8,0,0
BRDA:2,8,1,0
BRDA:2,9,0,0
BRDA:2,9,1,0
BRDA:2,10,0,0
BRDA:2,10,1,0
BRDA:2,11,0,0
BRDA:2,11,1,0
BRDA:2,11,2,0
BRDA:2,11,3,0
BRDA:2,12,0,0
BRDA:2,12,1,0
BRDA:2,13,0,0
BRDA:2,13,1,0
BRDA:2,14,0,0
BRDA:2,14,1,0
BRDA:2,15,0,0
BRDA:2,15,1,0
BRDA:2,16,0,0
BRDA:2,16,1,0
BRDA:2,17,0,0
BRDA:2,17,1,0
BRDA:2,18,0,0
BRDA:2,18,1,0
BRDA:2,19,0,0
BRDA:2,19,1,0
BRDA:2,20,0,0
BRDA:2,20,1,0
BRDA:2,21,0,0
BRDA:2,21,1,0
BRDA:2,22,0,0
BRDA:2,22,1,0
BRDA:2,23,0,0
BRDA:2,23,1,0
BRDA:2,24,0,0
BRDA:2,24,1,0
BRDA:2,25,0,0
BRDA:2,25,1,0
BRDA:2,26,0,0
BRDA:2,26,1,0
BRDA:2,27,0,0
BRDA:2,27,1,0
BRDA:2,28,0,0
BRDA:2,28,1,0
BRDA:2,29,0,0
BRDA:2,29,1,0
BRDA:2,30,0,0
BRDA:2,30,1,0
BRDA:2,31,0,0
BRDA:2,31,1,0
BRDA:2,32,0,0
BRDA:2,32,1,0
BRDA:2,33,0,0
BRDA:2,33,1,0
BRDA:2,34,0,0
BRDA:2,34,1,0
BRDA:2,35,0,0
BRDA:2,35,1,0
BRDA:2,36,0,0
BRDA:2,36,1,0
BRDA:2,37,0,0
BRDA:2,37,1,0
BRDA:2,38,0,0
BRDA:2,38,1,0
BRDA:2,39,0,0
BRDA:2,39,1,0
BRDA:2,40,0,0
BRDA:2,40,1,0
BRDA:2,41,0,0
BRDA:2,41,1,0
BRDA:2,42,0,0
BRDA:2,42,1,0
BRDA:2,43,0,0
BRDA:2,43,1,0
BRDA:2,44,0,0
BRDA:2,44,1,0
BRDA:2,45,0,0
BRDA:2,45,1,0
BRDA:2,46,0,0
BRDA:2,46,1,0
BRDA:2,47,0,0
BRDA:2,47,1,0
BRDA:2,48,0,0
BRDA:2,48,1,0
BRDA:2,49,0,0
BRDA:2,49,1,0
BRDA:2,50,0,0
BRDA:2,50,1,0
BRDA:2,50,2,0
BRDA:2,51,0,0
BRDA:2,51,1,0
BRDA:2,52,0,0
BRDA:2,52,1,0
BRDA:2,53,0,0
BRDA:2,53,1,0
BRDA:2,54,0,0
BRDA:2,54,1,0
BRDA:2,55,0,0
BRDA:2,55,1,0
BRDA:2,56,0,0
BRDA:2,56,1,0
BRDA:2,57,0,0
BRDA:2,57,1,0
BRDA:2,58,0,0
BRDA:2,58,1,0
BRDA:2,59,0,0
BRDA:2,59,1,0
BRDA:2,60,0,0
BRDA:2,60,1,0
BRDA:2,61,0,0
BRDA:2,61,1,0
BRDA:2,62,0,0
BRDA:2,62,1,0
BRDA:2,63,0,0
BRDA:2,63,1,0
BRDA:2,64,0,0
BRDA:2,64,1,0
BRDA:2,65,0,0
BRDA:2,65,1,0
BRDA:2,66,0,0
BRDA:2,66,1,0
BRDA:2,67,0,0
BRDA:2,67,1,0
BRDA:2,68,0,0
BRDA:2,68,1,0
BRDA:2,69,0,0
BRDA:2,69,1,0
BRDA:2,70,0,0
BRDA:2,70,1,0
BRDA:2,71,0,0
BRDA:2,71,1,0
BRDA:2,72,0,0
BRDA:2,72,1,0
BRDA:2,73,0,0
BRDA:2,73,1,0
BRDA:2,74,0,0
BRDA:2,74,1,0
BRDA:2,75,0,0
BRDA:2,75,1,0
BRDA:2,76,0,0
BRDA:2,76,1,0
BRDA:2,77,0,0
BRDA:2,77,1,0
BRDA:2,78,0,0
BRDA:2,78,1,0
BRDA:2,79,0,0
BRDA:2,79,1,0
BRDA:2,80,0,0
BRDA:2,80,1,0
BRDA:2,81,0,0
BRDA:2,81,1,0
BRDA:2,82,0,0
BRDA:2,82,1,0
BRDA:2,83,0,0
BRDA:2,83,1,0
BRDA:2,84,0,0
BRDA:2,84,1,0
BRDA:2,85,0,0
BRDA:2,85,1,0
BRDA:2,86,0,0
BRDA:2,86,1,0
BRDA:2,87,0,0
BRDA:2,87,1,0
BRDA:2,88,0,0
BRDA:2,88,1,0
BRDA:2,89,0,0
BRDA:2,89,1,0
BRDA:2,89,2,0
BRDA:2,90,0,0
BRDA:2,90,1,0
BRDA:2,91,0,0
BRDA:2,91,1,0
BRDA:2,92,0,0
BRDA:2,92,1,0
BRDA:2,93,0,0
BRDA:2,93,1,0
BRDA:2,94,0,0
BRDA:2,94,1,0
BRDA:2,95,0,0
BRDA:2,95,1,0
BRDA:2,96,0,0
BRDA:2,96,1,0
BRDA:2,97,0,0
BRDA:2,97,1,0
BRDA:2,98,0,0
BRDA:2,98,1,0
BRDA:2,99,0,0
BRDA:2,99,1,0
BRDA:2,100,0,0
BRDA:2,100,1,0
BRDA:2,101,0,0
BRDA:2,101,1,0
BRDA:2,102,0,0
BRDA:2,102,1,0
BRDA:2,103,0,0
BRDA:2,103,1,0
BRDA:2,104,0,0
BRDA:2,104,1,0
BRDA:2,105,0,0
BRDA:2,105,1,0
BRDA:2,106,0,0
BRDA:2,106,1,0
BRDA:2,107,0,0
BRDA:2,107,1,0
BRDA:2,108,0,0
BRDA:2,108,1,0
BRDA:2,109,0,0
BRDA:2,109,1,0
BRDA:2,110,0,0
BRDA:2,110,1,0
BRDA:2,111,0,0
BRDA:2,111,1,0
BRDA:2,112,0,0
BRDA:2,112,1,0
BRDA:2,113,0,0
BRDA:2,113,1,0
BRDA:2,114,0,0
BRDA:2,114,1,0
BRDA:2,115,0,0
BRDA:2,115,1,0
BRDA:2,116,0,0
BRDA:2,116,1,0
BRDA:2,117,0,0
BRDA:2,117,1,0
BRDA:2,118,0,0
BRDA:2,118,1,0
BRDA:2,119,0,0
BRDA:2,119,1,0
BRDA:2,120,0,0
BRDA:2,120,1,0
BRDA:2,121,0,0
BRDA:2,121,1,0
BRDA:2,122,0,0
BRDA:2,122,1,0
BRDA:2,123,0,0
BRDA:2,123,1,0
BRDA:2,124,0,0
BRDA:2,124,1,0
BRDA:2,125,0,0
BRDA:2,125,1,0
BRDA:2,126,0,0
BRDA:2,126,1,0
BRDA:2,127,0,0
BRDA:2,127,1,0
BRDA:2,128,0,0
BRDA:2,128,1,0
BRDA:2,128,2,0
BRDA:2,129,0,0
BRDA:2,129,1,0
BRDA:2,130,0,0
BRDA:2,130,1,0
BRDA:2,131,0,0
BRDA:2,131,1,0
BRDA:2,131,2,0
BRDA:2,131,3,0
BRDA:2,131,4,0
BRDA:2,132,0,0
BRDA:2,132,1,0
BRDA:2,133,0,0
BRDA:2,133,1,0
BRDA:2,134,0,0
BRDA:2,134,1,0
BRDA:2,135,0,0
BRDA:2,135,1,0
BRDA:2,136,0,0
BRDA:2,136,1,0
BRDA:2,137,0,0
BRDA:2,137,1,0
BRDA:2,138,0,0
BRDA:2,138,1,0
BRF:286
BRH:0
end_of_record
TN:
SF:/Users/song/GradutionProject/edu-graph-vue3/coverage/lcov-report/sorter.js
FN:2,(anonymous_0)
FN:11,getTable
FN:15,getTableHeader
FN:19,getTableBody
FN:23,getNthColumn
FN:28,loadColumns
FN:53,loadRowData
FN:72,loadData
FN:81,sortByIndex
FN:83,(anonymous_9)
FN:95,(anonymous_10)
FN:112,removeSortIndicators
FN:120,addSortIndicators
FN:126,enableUI
FN:129,ithSorter
FN:132,(anonymous_15)
FN:159,(anonymous_16)
FNF:17
FNH:0
FNDA:0,(anonymous_0)
FNDA:0,getTable
FNDA:0,getTableHeader
FNDA:0,getTableBody
FNDA:0,getNthColumn
FNDA:0,loadColumns
FNDA:0,loadRowData
FNDA:0,loadData
FNDA:0,sortByIndex
FNDA:0,(anonymous_9)
FNDA:0,(anonymous_10)
FNDA:0,removeSortIndicators
FNDA:0,addSortIndicators
FNDA:0,enableUI
FNDA:0,ithSorter
FNDA:0,(anonymous_15)
FNDA:0,(anonymous_16)
DA:2,0
DA:5,0
DA:12,0
DA:16,0
DA:20,0
DA:24,0
DA:29,0
DA:31,0
DA:35,0
DA:36,0
DA:37,0
DA:42,0
DA:43,0
DA:44,0
DA:45,0
DA:49,0
DA:54,0
DA:57,0
DA:60,0
DA:61,0
DA:62,0
DA:63,0
DA:64,0
DA:65,0
DA:67,0
DA:69,0
DA:73,0
DA:76,0
DA:77,0
DA:82,0
DA:83,0
DA:84,0
DA:85,0
DA:86,0
DA:88,0
DA:89,0
DA:90,0
DA:91,0
DA:94,0
DA:95,0
DA:96,0
DA:100,0
DA:101,0
DA:102,0
DA:105,0
DA:107,0
DA:108,0
DA:113,0
DA:114,0
DA:116,0
DA:117,0
DA:121,0
DA:129,0
DA:130,0
DA:132,0
DA:133,0
DA:135,0
DA:136,0
DA:138,0
DA:139,0
DA:140,0
DA:141,0
DA:142,0
DA:145,0
DA:146,0
DA:149,0
DA:150,0
DA:151,0
DA:153,0
DA:159,0
DA:160,0
DA:161,0
DA:163,0
DA:164,0
DA:165,0
DA:166,0
DA:170,0
LF:77
LH:0
BRDA:40,0,0,0
BRDA:40,0,1,0
BRDA:43,1,0,0
BRDA:43,1,1,0
BRDA:64,2,0,0
BRDA:64,2,1,0
BRDA:86,3,0,0
BRDA:86,3,1,0
BRDA:86,4,0,0
BRDA:86,4,1,0
BRDA:94,5,0,0
BRDA:94,5,1,0
BRDA:121,6,0,0
BRDA:121,6,1,0
BRDA:135,7,0,0
BRDA:135,7,1,0
BRDA:146,8,0,0
BRDA:146,8,1,0
BRDA:150,9,0,0
BRDA:150,9,1,0
BRDA:160,10,0,0
BRDA:160,10,1,0
BRF:22
BRH:0
end_of_record
TN:
SF:/Users/song/GradutionProject/edu-graph-vue3/dist/js/app.55fc9a1f.js
FN:1,(anonymous_0)
FN:1,t
FN:1,n
FN:1,i
FN:1,u
FN:1,(anonymous_5)
FN:1,(anonymous_6)
FN:1,(anonymous_7)
FN:1,(anonymous_8)
FN:1,(anonymous_9)
FN:1,(anonymous_10)
FN:1,(anonymous_11)
FN:1,(anonymous_12)
FN:1,(anonymous_13)
FN:1,(anonymous_14)
FN:1,(anonymous_15)
FN:1,(anonymous_16)
FN:1,(anonymous_17)
FN:1,(anonymous_18)
FN:1,(anonymous_19)
FN:1,(anonymous_20)
FN:1,(anonymous_21)
FN:1,(anonymous_22)
FN:1,(anonymous_23)
FN:1,(anonymous_24)
FN:1,(anonymous_25)
FN:1,(anonymous_26)
FN:1,(anonymous_27)
FN:1,(anonymous_28)
FN:1,(anonymous_29)
FN:1,(anonymous_30)
FN:1,(anonymous_31)
FN:1,(anonymous_32)
FN:1,(anonymous_33)
FN:1,(anonymous_34)
FN:1,(anonymous_35)
FN:1,t
FN:1,(anonymous_37)
FN:1,(anonymous_38)
FN:1,(anonymous_39)
FN:1,(anonymous_40)
FN:1,(anonymous_41)
FN:1,(anonymous_42)
FN:1,(anonymous_43)
FN:1,(anonymous_44)
FN:1,(anonymous_45)
FN:1,(anonymous_46)
FN:1,(anonymous_47)
FN:1,(anonymous_48)
FN:1,(anonymous_49)
FN:1,(anonymous_50)
FN:1,(anonymous_51)
FN:1,(anonymous_52)
FN:1,(anonymous_53)
FN:1,(anonymous_54)
FN:1,(anonymous_55)
FN:1,(anonymous_56)
FN:1,(anonymous_57)
FN:1,(anonymous_58)
FN:1,(anonymous_59)
FN:1,(anonymous_60)
FN:1,t
FN:1,(anonymous_62)
FN:1,(anonymous_63)
FN:1,n
FN:1,(anonymous_65)
FN:1,(anonymous_66)
FN:1,n
FN:1,(anonymous_68)
FN:1,(anonymous_69)
FN:1,n
FN:1,(anonymous_71)
FN:1,(anonymous_72)
FN:1,e
FN:1,(anonymous_74)
FN:1,(anonymous_75)
FN:1,n
FN:1,(anonymous_77)
FN:1,(anonymous_78)
FN:1,n
FN:1,(anonymous_80)
FN:1,(anonymous_81)
FN:1,n
FN:1,(anonymous_83)
FN:1,(anonymous_84)
FN:1,t
FN:1,(anonymous_86)
FN:1,(anonymous_87)
FN:1,(anonymous_88)
FN:1,(anonymous_89)
FN:1,(anonymous_90)
FN:1,(anonymous_91)
FN:1,(anonymous_92)
FN:1,(anonymous_93)
FN:1,(anonymous_94)
FN:1,(anonymous_95)
FN:1,(anonymous_96)
FN:1,(anonymous_97)
FN:1,(anonymous_98)
FN:1,(anonymous_99)
FN:1,(anonymous_100)
FN:1,(anonymous_101)
FN:1,e
FN:1,(anonymous_103)
FN:1,e
FN:1,(anonymous_105)
FN:1,t
FN:1,(anonymous_107)
FN:1,e
FN:1,(anonymous_109)
FN:1,t
FN:1,(anonymous_111)
FN:1,e
FN:1,(anonymous_113)
FN:1,t
FN:1,(anonymous_115)
FN:1,e
FN:1,(anonymous_117)
FN:1,t
FN:1,(anonymous_119)
FN:1,a
FN:1,o
FN:1,(anonymous_122)
FN:1,(anonymous_123)
FN:1,(anonymous_124)
FN:1,(anonymous_125)
FN:1,e
FN:1,(anonymous_127)
FN:1,e
FN:1,(anonymous_129)
FN:1,t
FN:1,(anonymous_131)
FN:1,(anonymous_132)
FN:1,(anonymous_133)
FN:1,(anonymous_134)
FN:1,(anonymous_135)
FN:1,(anonymous_136)
FN:1,(anonymous_137)
FN:1,(anonymous_138)
FN:1,(anonymous_139)
FN:1,(anonymous_140)
FN:1,(anonymous_141)
FN:1,(anonymous_142)
FN:1,(anonymous_143)
FN:1,(anonymous_144)
FN:1,(anonymous_145)
FN:1,(anonymous_146)
FN:1,(anonymous_147)
FN:1,e
FN:1,(anonymous_149)
FN:1,e
FN:1,(anonymous_151)
FN:1,t
FN:1,(anonymous_153)
FN:1,e
FN:1,(anonymous_155)
FN:1,t
FN:1,(anonymous_157)
FN:1,e
FN:1,(anonymous_159)
FN:1,t
FN:1,(anonymous_161)
FN:1,e
FN:1,(anonymous_163)
FN:1,t
FN:1,(anonymous_165)
FN:1,e
FN:1,(anonymous_167)
FN:1,(anonymous_168)
FN:1,(anonymous_169)
FN:1,e
FN:1,(anonymous_171)
FN:1,e
FN:1,(anonymous_173)
FN:1,t
FN:1,(anonymous_175)
FN:1,e
FN:1,(anonymous_177)
FN:1,t
FN:1,(anonymous_179)
FN:1,e
FN:1,(anonymous_181)
FN:1,t
FN:1,(anonymous_183)
FN:1,e
FN:1,(anonymous_185)
FN:1,e
FN:1,(anonymous_187)
FN:1,t
FN:1,(anonymous_189)
FN:1,e
FN:1,(anonymous_191)
FN:1,t
FN:1,(anonymous_193)
FN:1,e
FN:1,(anonymous_195)
FN:1,t
FN:1,(anonymous_197)
FN:1,e
FN:1,(anonymous_199)
FN:1,t
FN:1,(anonymous_201)
FN:1,e
FN:1,(anonymous_203)
FN:1,e
FN:1,(anonymous_205)
FN:1,t
FN:1,(anonymous_207)
FN:1,e
FN:1,(anonymous_209)
FN:1,t
FN:1,(anonymous_211)
FN:1,e
FN:1,(anonymous_213)
FN:1,t
FN:1,(anonymous_215)
FN:1,e
FN:1,(anonymous_217)
FN:1,t
FN:1,(anonymous_219)
FN:1,e
FN:1,(anonymous_221)
FN:1,t
FN:1,(anonymous_223)
FN:1,e
FN:1,(anonymous_225)
FN:1,t
FN:1,(anonymous_227)
FN:1,e
FN:1,(anonymous_229)
FN:1,(anonymous_230)
FN:1,(anonymous_231)
FN:1,(anonymous_232)
FN:1,(anonymous_233)
FN:1,e
FN:1,(anonymous_235)
FN:1,e
FN:1,(anonymous_237)
FN:1,t
FN:1,(anonymous_239)
FN:1,e
FN:1,(anonymous_241)
FN:1,e
FN:1,(anonymous_243)
FN:1,t
FN:1,(anonymous_245)
FN:1,e
FN:1,(anonymous_247)
FN:1,t
FN:1,(anonymous_249)
FN:1,e
FN:1,(anonymous_251)
FN:1,t
FN:1,(anonymous_253)
FN:1,e
FN:1,(anonymous_255)
FN:1,e
FN:1,(anonymous_257)
FN:1,t
FN:1,(anonymous_259)
FN:1,e
FN:1,(anonymous_261)
FN:1,t
FN:1,(anonymous_263)
FN:1,e
FN:1,(anonymous_265)
FN:1,t
FN:1,(anonymous_267)
FN:1,e
FN:1,(anonymous_269)
FN:1,e
FN:1,(anonymous_271)
FN:1,t
FN:1,(anonymous_273)
FN:1,e
FN:1,(anonymous_275)
FN:1,t
FN:1,(anonymous_277)
FN:1,e
FN:1,(anonymous_279)
FN:1,e
FN:1,(anonymous_281)
FN:1,t
FN:1,(anonymous_283)
FN:1,e
FN:1,(anonymous_285)
FN:1,t
FN:1,(anonymous_287)
FN:1,e
FN:1,(anonymous_289)
FN:1,t
FN:1,(anonymous_291)
FN:1,e
FN:1,(anonymous_293)
FN:1,t
FN:1,(anonymous_295)
FN:1,e
FN:1,(anonymous_297)
FN:1,e
FN:1,(anonymous_299)
FN:1,t
FN:1,(anonymous_301)
FN:1,e
FN:1,(anonymous_303)
FN:1,e
FN:1,(anonymous_305)
FN:1,t
FN:1,(anonymous_307)
FN:1,(anonymous_308)
FN:1,(anonymous_309)
FN:1,(anonymous_310)
FN:1,(anonymous_311)
FN:1,(anonymous_312)
FN:1,(anonymous_313)
FN:1,(anonymous_314)
FN:1,(anonymous_315)
FN:1,(anonymous_316)
FN:1,(anonymous_317)
FN:1,(anonymous_318)
FN:1,(anonymous_319)
FN:1,(anonymous_320)
FN:1,(anonymous_321)
FN:1,e
FN:1,(anonymous_323)
FN:1,(anonymous_324)
FN:1,(anonymous_325)
FN:1,A
FN:1,V
FN:1,(anonymous_328)
FN:1,ae
FN:1,(anonymous_330)
FN:1,(anonymous_331)
FN:1,(anonymous_332)
FN:1,(anonymous_333)
FN:1,(anonymous_334)
FN:1,(anonymous_335)
FN:1,(anonymous_336)
FN:1,(anonymous_337)
FN:1,(anonymous_338)
FN:1,(anonymous_339)
FN:1,(anonymous_340)
FN:1,(anonymous_341)
FN:1,(anonymous_342)
FN:1,(anonymous_343)
FN:1,(anonymous_344)
FN:1,(anonymous_345)
FN:1,(anonymous_346)
FN:1,(anonymous_347)
FN:1,(anonymous_348)
FN:1,e
FN:1,(anonymous_350)
FN:1,(anonymous_351)
FN:1,(anonymous_352)
FN:1,e
FN:1,(anonymous_354)
FN:1,(anonymous_355)
FN:1,(anonymous_356)
FN:1,e
FN:1,(anonymous_358)
FN:1,(anonymous_359)
FN:1,(anonymous_360)
FN:1,e
FN:1,(anonymous_362)
FN:1,(anonymous_363)
FN:1,(anonymous_364)
FN:1,e
FN:1,(anonymous_366)
FN:1,(anonymous_367)
FN:1,(anonymous_368)
FN:1,e
FN:1,(anonymous_370)
FN:1,(anonymous_371)
FN:1,(anonymous_372)
FN:1,e
FN:1,(anonymous_374)
FN:1,(anonymous_375)
FN:1,(anonymous_376)
FN:1,e
FN:1,(anonymous_378)
FN:1,(anonymous_379)
FN:1,(anonymous_380)
FN:1,(anonymous_381)
FN:1,ve
FN:1,Te
FN:1,(anonymous_384)
FN:1,(anonymous_385)
FN:1,(anonymous_386)
FN:1,(anonymous_387)
FN:1,(anonymous_388)
FN:1,(anonymous_389)
FN:1,(anonymous_390)
FN:1,(anonymous_391)
FN:1,Le
FN:1,$e
FN:1,(anonymous_394)
FN:1,et
FN:1,(anonymous_396)
FN:1,(anonymous_397)
FN:1,(anonymous_398)
FN:1,(anonymous_399)
FN:1,(anonymous_400)
FN:1,(anonymous_401)
FN:1,(anonymous_402)
FN:1,(anonymous_403)
FN:1,(anonymous_404)
FN:1,(anonymous_405)
FN:1,(anonymous_406)
FN:1,(anonymous_407)
FN:1,(anonymous_408)
FN:1,(anonymous_409)
FN:1,lt
FN:1,(anonymous_411)
FN:1,(anonymous_412)
FN:1,(anonymous_413)
FN:1,ht
FN:1,(anonymous_415)
FN:1,(anonymous_416)
FN:1,(anonymous_417)
FN:1,(anonymous_418)
FN:1,(anonymous_419)
FN:1,(anonymous_420)
FN:1,(anonymous_421)
FN:1,(anonymous_422)
FN:1,(anonymous_423)
FN:1,t
FN:1,(anonymous_425)
FN:1,(anonymous_426)
FN:1,(anonymous_427)
FN:1,(anonymous_428)
FN:1,(anonymous_429)
FN:1,(anonymous_430)
FN:1,(anonymous_431)
FN:1,(anonymous_432)
FN:1,(anonymous_433)
FN:1,(anonymous_434)
FN:1,(anonymous_435)
FN:1,e
FN:1,(anonymous_437)
FN:1,(anonymous_438)
FN:1,(anonymous_439)
FN:1,(anonymous_440)
FN:1,(anonymous_441)
FN:1,(anonymous_442)
FN:1,(anonymous_443)
FN:1,(anonymous_444)
FN:1,(anonymous_445)
FN:1,(anonymous_446)
FN:1,(anonymous_447)
FN:1,e
FN:1,(anonymous_449)
FN:1,(anonymous_450)
FN:1,(anonymous_451)
FN:1,(anonymous_452)
FNF:453
FNH:0
FNDA:0,(anonymous_0)
FNDA:0,t
FNDA:0,n
FNDA:0,i
FNDA:0,u
FNDA:0,(anonymous_5)
FNDA:0,(anonymous_6)
FNDA:0,(anonymous_7)
FNDA:0,(anonymous_8)
FNDA:0,(anonymous_9)
FNDA:0,(anonymous_10)
FNDA:0,(anonymous_11)
FNDA:0,(anonymous_12)
FNDA:0,(anonymous_13)
FNDA:0,(anonymous_14)
FNDA:0,(anonymous_15)
FNDA:0,(anonymous_16)
FNDA:0,(anonymous_17)
FNDA:0,(anonymous_18)
FNDA:0,(anonymous_19)
FNDA:0,(anonymous_20)
FNDA:0,(anonymous_21)
FNDA:0,(anonymous_22)
FNDA:0,(anonymous_23)
FNDA:0,(anonymous_24)
FNDA:0,(anonymous_25)
FNDA:0,(anonymous_26)
FNDA:0,(anonymous_27)
FNDA:0,(anonymous_28)
FNDA:0,(anonymous_29)
FNDA:0,(anonymous_30)
FNDA:0,(anonymous_31)
FNDA:0,(anonymous_32)
FNDA:0,(anonymous_33)
FNDA:0,(anonymous_34)
FNDA:0,(anonymous_35)
FNDA:0,t
FNDA:0,(anonymous_37)
FNDA:0,(anonymous_38)
FNDA:0,(anonymous_39)
FNDA:0,(anonymous_40)
FNDA:0,(anonymous_41)
FNDA:0,(anonymous_42)
FNDA:0,(anonymous_43)
FNDA:0,(anonymous_44)
FNDA:0,(anonymous_45)
FNDA:0,(anonymous_46)
FNDA:0,(anonymous_47)
FNDA:0,(anonymous_48)
FNDA:0,(anonymous_49)
FNDA:0,(anonymous_50)
FNDA:0,(anonymous_51)
FNDA:0,(anonymous_52)
FNDA:0,(anonymous_53)
FNDA:0,(anonymous_54)
FNDA:0,(anonymous_55)
FNDA:0,(anonymous_56)
FNDA:0,(anonymous_57)
FNDA:0,(anonymous_58)
FNDA:0,(anonymous_59)
FNDA:0,(anonymous_60)
FNDA:0,t
FNDA:0,(anonymous_62)
FNDA:0,(anonymous_63)
FNDA:0,n
FNDA:0,(anonymous_65)
FNDA:0,(anonymous_66)
FNDA:0,n
FNDA:0,(anonymous_68)
FNDA:0,(anonymous_69)
FNDA:0,n
FNDA:0,(anonymous_71)
FNDA:0,(anonymous_72)
FNDA:0,e
FNDA:0,(anonymous_74)
FNDA:0,(anonymous_75)
FNDA:0,n
FNDA:0,(anonymous_77)
FNDA:0,(anonymous_78)
FNDA:0,n
FNDA:0,(anonymous_80)
FNDA:0,(anonymous_81)
FNDA:0,n
FNDA:0,(anonymous_83)
FNDA:0,(anonymous_84)
FNDA:0,t
FNDA:0,(anonymous_86)
FNDA:0,(anonymous_87)
FNDA:0,(anonymous_88)
FNDA:0,(anonymous_89)
FNDA:0,(anonymous_90)
FNDA:0,(anonymous_91)
FNDA:0,(anonymous_92)
FNDA:0,(anonymous_93)
FNDA:0,(anonymous_94)
FNDA:0,(anonymous_95)
FNDA:0,(anonymous_96)
FNDA:0,(anonymous_97)
FNDA:0,(anonymous_98)
FNDA:0,(anonymous_99)
FNDA:0,(anonymous_100)
FNDA:0,(anonymous_101)
FNDA:0,e
FNDA:0,(anonymous_103)
FNDA:0,e
FNDA:0,(anonymous_105)
FNDA:0,t
FNDA:0,(anonymous_107)
FNDA:0,e
FNDA:0,(anonymous_109)
FNDA:0,t
FNDA:0,(anonymous_111)
FNDA:0,e
FNDA:0,(anonymous_113)
FNDA:0,t
FNDA:0,(anonymous_115)
FNDA:0,e
FNDA:0,(anonymous_117)
FNDA:0,t
FNDA:0,(anonymous_119)
FNDA:0,a
FNDA:0,o
FNDA:0,(anonymous_122)
FNDA:0,(anonymous_123)
FNDA:0,(anonymous_124)
FNDA:0,(anonymous_125)
FNDA:0,e
FNDA:0,(anonymous_127)
FNDA:0,e
FNDA:0,(anonymous_129)
FNDA:0,t
FNDA:0,(anonymous_131)
FNDA:0,(anonymous_132)
FNDA:0,(anonymous_133)
FNDA:0,(anonymous_134)
FNDA:0,(anonymous_135)
FNDA:0,(anonymous_136)
FNDA:0,(anonymous_137)
FNDA:0,(anonymous_138)
FNDA:0,(anonymous_139)
FNDA:0,(anonymous_140)
FNDA:0,(anonymous_141)
FNDA:0,(anonymous_142)
FNDA:0,(anonymous_143)
FNDA:0,(anonymous_144)
FNDA:0,(anonymous_145)
FNDA:0,(anonymous_146)
FNDA:0,(anonymous_147)
FNDA:0,e
FNDA:0,(anonymous_149)
FNDA:0,e
FNDA:0,(anonymous_151)
FNDA:0,t
FNDA:0,(anonymous_153)
FNDA:0,e
FNDA:0,(anonymous_155)
FNDA:0,t
FNDA:0,(anonymous_157)
FNDA:0,e
FNDA:0,(anonymous_159)
FNDA:0,t
FNDA:0,(anonymous_161)
FNDA:0,e
FNDA:0,(anonymous_163)
FNDA:0,t
FNDA:0,(anonymous_165)
FNDA:0,e
FNDA:0,(anonymous_167)
FNDA:0,(anonymous_168)
FNDA:0,(anonymous_169)
FNDA:0,e
FNDA:0,(anonymous_171)
FNDA:0,e
FNDA:0,(anonymous_173)
FNDA:0,t
FNDA:0,(anonymous_175)
FNDA:0,e
FNDA:0,(anonymous_177)
FNDA:0,t
FNDA:0,(anonymous_179)
FNDA:0,e
FNDA:0,(anonymous_181)
FNDA:0,t
FNDA:0,(anonymous_183)
FNDA:0,e
FNDA:0,(anonymous_185)
FNDA:0,e
FNDA:0,(anonymous_187)
FNDA:0,t
FNDA:0,(anonymous_189)
FNDA:0,e
FNDA:0,(anonymous_191)
FNDA:0,t
FNDA:0,(anonymous_193)
FNDA:0,e
FNDA:0,(anonymous_195)
FNDA:0,t
FNDA:0,(anonymous_197)
FNDA:0,e
FNDA:0,(anonymous_199)
FNDA:0,t
FNDA:0,(anonymous_201)
FNDA:0,e
FNDA:0,(anonymous_203)
FNDA:0,e
FNDA:0,(anonymous_205)
FNDA:0,t
FNDA:0,(anonymous_207)
FNDA:0,e
FNDA:0,(anonymous_209)
FNDA:0,t
FNDA:0,(anonymous_211)
FNDA:0,e
FNDA:0,(anonymous_213)
FNDA:0,t
FNDA:0,(anonymous_215)
FNDA:0,e
FNDA:0,(anonymous_217)
FNDA:0,t
FNDA:0,(anonymous_219)
FNDA:0,e
FNDA:0,(anonymous_221)
FNDA:0,t
FNDA:0,(anonymous_223)
FNDA:0,e
FNDA:0,(anonymous_225)
FNDA:0,t
FNDA:0,(anonymous_227)
FNDA:0,e
FNDA:0,(anonymous_229)
FNDA:0,(anonymous_230)
FNDA:0,(anonymous_231)
FNDA:0,(anonymous_232)
FNDA:0,(anonymous_233)
FNDA:0,e
FNDA:0,(anonymous_235)
FNDA:0,e
FNDA:0,(anonymous_237)
FNDA:0,t
FNDA:0,(anonymous_239)
FNDA:0,e
FNDA:0,(anonymous_241)
FNDA:0,e
FNDA:0,(anonymous_243)
FNDA:0,t
FNDA:0,(anonymous_245)
FNDA:0,e
FNDA:0,(anonymous_247)
FNDA:0,t
FNDA:0,(anonymous_249)
FNDA:0,e
FNDA:0,(anonymous_251)
FNDA:0,t
FNDA:0,(anonymous_253)
FNDA:0,e
FNDA:0,(anonymous_255)
FNDA:0,e
FNDA:0,(anonymous_257)
FNDA:0,t
FNDA:0,(anonymous_259)
FNDA:0,e
FNDA:0,(anonymous_261)
FNDA:0,t
FNDA:0,(anonymous_263)
FNDA:0,e
FNDA:0,(anonymous_265)
FNDA:0,t
FNDA:0,(anonymous_267)
FNDA:0,e
FNDA:0,(anonymous_269)
FNDA:0,e
FNDA:0,(anonymous_271)
FNDA:0,t
FNDA:0,(anonymous_273)
FNDA:0,e
FNDA:0,(anonymous_275)
FNDA:0,t
FNDA:0,(anonymous_277)
FNDA:0,e
FNDA:0,(anonymous_279)
FNDA:0,e
FNDA:0,(anonymous_281)
FNDA:0,t
FNDA:0,(anonymous_283)
FNDA:0,e
FNDA:0,(anonymous_285)
FNDA:0,t
FNDA:0,(anonymous_287)
FNDA:0,e
FNDA:0,(anonymous_289)
FNDA:0,t
FNDA:0,(anonymous_291)
FNDA:0,e
FNDA:0,(anonymous_293)
FNDA:0,t
FNDA:0,(anonymous_295)
FNDA:0,e
FNDA:0,(anonymous_297)
FNDA:0,e
FNDA:0,(anonymous_299)
FNDA:0,t
FNDA:0,(anonymous_301)
FNDA:0,e
FNDA:0,(anonymous_303)
FNDA:0,e
FNDA:0,(anonymous_305)
FNDA:0,t
FNDA:0,(anonymous_307)
FNDA:0,(anonymous_308)
FNDA:0,(anonymous_309)
FNDA:0,(anonymous_310)
FNDA:0,(anonymous_311)
FNDA:0,(anonymous_312)
FNDA:0,(anonymous_313)
FNDA:0,(anonymous_314)
FNDA:0,(anonymous_315)
FNDA:0,(anonymous_316)
FNDA:0,(anonymous_317)
FNDA:0,(anonymous_318)
FNDA:0,(anonymous_319)
FNDA:0,(anonymous_320)
FNDA:0,(anonymous_321)
FNDA:0,e
FNDA:0,(anonymous_323)
FNDA:0,(anonymous_324)
FNDA:0,(anonymous_325)
FNDA:0,A
FNDA:0,V
FNDA:0,(anonymous_328)
FNDA:0,ae
FNDA:0,(anonymous_330)
FNDA:0,(anonymous_331)
FNDA:0,(anonymous_332)
FNDA:0,(anonymous_333)
FNDA:0,(anonymous_334)
FNDA:0,(anonymous_335)
FNDA:0,(anonymous_336)
FNDA:0,(anonymous_337)
FNDA:0,(anonymous_338)
FNDA:0,(anonymous_339)
FNDA:0,(anonymous_340)
FNDA:0,(anonymous_341)
FNDA:0,(anonymous_342)
FNDA:0,(anonymous_343)
FNDA:0,(anonymous_344)
FNDA:0,(anonymous_345)
FNDA:0,(anonymous_346)
FNDA:0,(anonymous_347)
FNDA:0,(anonymous_348)
FNDA:0,e
FNDA:0,(anonymous_350)
FNDA:0,(anonymous_351)
FNDA:0,(anonymous_352)
FNDA:0,e
FNDA:0,(anonymous_354)
FNDA:0,(anonymous_355)
FNDA:0,(anonymous_356)
FNDA:0,e
FNDA:0,(anonymous_358)
FNDA:0,(anonymous_359)
FNDA:0,(anonymous_360)
FNDA:0,e
FNDA:0,(anonymous_362)
FNDA:0,(anonymous_363)
FNDA:0,(anonymous_364)
FNDA:0,e
FNDA:0,(anonymous_366)
FNDA:0,(anonymous_367)
FNDA:0,(anonymous_368)
FNDA:0,e
FNDA:0,(anonymous_370)
FNDA:0,(anonymous_371)
FNDA:0,(anonymous_372)
FNDA:0,e
FNDA:0,(anonymous_374)
FNDA:0,(anonymous_375)
FNDA:0,(anonymous_376)
FNDA:0,e
FNDA:0,(anonymous_378)
FNDA:0,(anonymous_379)
FNDA:0,(anonymous_380)
FNDA:0,(anonymous_381)
FNDA:0,ve
FNDA:0,Te
FNDA:0,(anonymous_384)
FNDA:0,(anonymous_385)
FNDA:0,(anonymous_386)
FNDA:0,(anonymous_387)
FNDA:0,(anonymous_388)
FNDA:0,(anonymous_389)
FNDA:0,(anonymous_390)
FNDA:0,(anonymous_391)
FNDA:0,Le
FNDA:0,$e
FNDA:0,(anonymous_394)
FNDA:0,et
FNDA:0,(anonymous_396)
FNDA:0,(anonymous_397)
FNDA:0,(anonymous_398)
FNDA:0,(anonymous_399)
FNDA:0,(anonymous_400)
FNDA:0,(anonymous_401)
FNDA:0,(anonymous_402)
FNDA:0,(anonymous_403)
FNDA:0,(anonymous_404)
FNDA:0,(anonymous_405)
FNDA:0,(anonymous_406)
FNDA:0,(anonymous_407)
FNDA:0,(anonymous_408)
FNDA:0,(anonymous_409)
FNDA:0,lt
FNDA:0,(anonymous_411)
FNDA:0,(anonymous_412)
FNDA:0,(anonymous_413)
FNDA:0,ht
FNDA:0,(anonymous_415)
FNDA:0,(anonymous_416)
FNDA:0,(anonymous_417)
FNDA:0,(anonymous_418)
FNDA:0,(anonymous_419)
FNDA:0,(anonymous_420)
FNDA:0,(anonymous_421)
FNDA:0,(anonymous_422)
FNDA:0,(anonymous_423)
FNDA:0,t
FNDA:0,(anonymous_425)
FNDA:0,(anonymous_426)
FNDA:0,(anonymous_427)
FNDA:0,(anonymous_428)
FNDA:0,(anonymous_429)
FNDA:0,(anonymous_430)
FNDA:0,(anonymous_431)
FNDA:0,(anonymous_432)
FNDA:0,(anonymous_433)
FNDA:0,(anonymous_434)
FNDA:0,(anonymous_435)
FNDA:0,e
FNDA:0,(anonymous_437)
FNDA:0,(anonymous_438)
FNDA:0,(anonymous_439)
FNDA:0,(anonymous_440)
FNDA:0,(anonymous_441)
FNDA:0,(anonymous_442)
FNDA:0,(anonymous_443)
FNDA:0,(anonymous_444)
FNDA:0,(anonymous_445)
FNDA:0,(anonymous_446)
FNDA:0,(anonymous_447)
FNDA:0,e
FNDA:0,(anonymous_449)
FNDA:0,(anonymous_450)
FNDA:0,(anonymous_451)
FNDA:0,(anonymous_452)
DA:1,0
LF:1
LH:0
BRDA:1,0,0,0
BRDA:1,0,1,0
BRDA:1,0,2,0
BRDA:1,1,0,0
BRDA:1,1,1,0
BRDA:1,2,0,0
BRDA:1,2,1,0
BRDA:1,3,0,0
BRDA:1,3,1,0
BRDA:1,4,0,0
BRDA:1,4,1,0
BRDA:1,5,0,0
BRDA:1,5,1,0
BRDA:1,6,0,0
BRDA:1,6,1,0
BRDA:1,7,0,0
BRDA:1,7,1,0
BRDA:1,8,0,0
BRDA:1,8,1,0
BRDA:1,9,0,0
BRDA:1,9,1,0
BRDA:1,9,2,0
BRDA:1,10,0,0
BRDA:1,10,1,0
BRDA:1,11,0,0
BRDA:1,11,1,0
BRDA:1,12,0,0
BRDA:1,12,1,0
BRDA:1,13,0,0
BRDA:1,13,1,0
BRDA:1,13,2,0
BRDA:1,14,0,0
BRDA:1,14,1,0
BRDA:1,15,0,0
BRDA:1,15,1,0
BRDA:1,16,0,0
BRDA:1,16,1,0
BRDA:1,16,2,0
BRDA:1,16,3,0
BRDA:1,17,0,0
BRDA:1,17,1,0
BRDA:1,18,0,0
BRDA:1,18,1,0
BRDA:1,19,0,0
BRDA:1,19,1,0
BRDA:1,20,0,0
BRDA:1,20,1,0
BRDA:1,21,0,0
BRDA:1,21,1,0
BRDA:1,22,0,0
BRDA:1,22,1,0
BRDA:1,23,0,0
BRDA:1,23,1,0
BRDA:1,24,0,0
BRDA:1,24,1,0
BRDA:1,24,2,0
BRDA:1,25,0,0
BRDA:1,25,1,0
BRDA:1,26,0,0
BRDA:1,26,1,0
BRDA:1,26,2,0
BRDA:1,27,0,0
BRDA:1,27,1,0
BRDA:1,28,0,0
BRDA:1,28,1,0
BRDA:1,29,0,0
BRDA:1,29,1,0
BRDA:1,30,0,0
BRDA:1,30,1,0
BRDA:1,30,2,0
BRDA:1,30,3,0
BRDA:1,31,0,0
BRDA:1,31,1,0
BRDA:1,32,0,0
BRDA:1,32,1,0
BRDA:1,33,0,0
BRDA:1,33,1,0
BRDA:1,34,0,0
BRDA:1,34,1,0
BRDA:1,35,0,0
BRDA:1,35,1,0
BRDA:1,36,0,0
BRDA:1,36,1,0
BRDA:1,37,0,0
BRDA:1,37,1,0
BRDA:1,38,0,0
BRDA:1,38,1,0
BRDA:1,38,2,0
BRDA:1,38,3,0
BRDA:1,39,0,0
BRDA:1,39,1,0
BRDA:1,40,0,0
BRDA:1,40,1,0
BRDA:1,41,0,0
BRDA:1,41,1,0
BRDA:1,42,0,0
BRDA:1,42,1,0
BRDA:1,43,0,0
BRDA:1,43,1,0
BRDA:1,44,0,0
BRDA:1,44,1,0
BRDA:1,45,0,0
BRDA:1,45,1,0
BRDA:1,45,2,0
BRDA:1,45,3,0
BRDA:1,46,0,0
BRDA:1,46,1,0
BRDA:1,46,2,0
BRDA:1,46,3,0
BRDA:1,47,0,0
BRDA:1,47,1,0
BRDA:1,48,0,0
BRDA:1,48,1,0
BRDA:1,49,0,0
BRDA:1,49,1,0
BRDA:1,49,2,0
BRDA:1,49,3,0
BRDA:1,50,0,0
BRDA:1,50,1,0
BRDA:1,51,0,0
BRDA:1,51,1,0
BRDA:1,52,0,0
BRDA:1,52,1,0
BRDA:1,53,0,0
BRDA:1,53,1,0
BRDA:1,54,0,0
BRDA:1,54,1,0
BRDA:1,54,2,0
BRDA:1,54,3,0
BRDA:1,54,4,0
BRDA:1,55,0,0
BRDA:1,55,1,0
BRDA:1,56,0,0
BRDA:1,56,1,0
BRDA:1,57,0,0
BRDA:1,57,1,0
BRDA:1,58,0,0
BRDA:1,58,1,0
BRDA:1,58,2,0
BRDA:1,59,0,0
BRDA:1,59,1,0
BRDA:1,59,2,0
BRDA:1,59,3,0
BRDA:1,60,0,0
BRDA:1,60,1,0
BRDA:1,60,2,0
BRDA:1,60,3,0
BRDA:1,60,4,0
BRDA:1,61,0,0
BRDA:1,61,1,0
BRDA:1,61,2,0
BRDA:1,61,3,0
BRDA:1,62,0,0
BRDA:1,62,1,0
BRDA:1,62,2,0
BRDA:1,63,0,0
BRDA:1,63,1,0
BRDA:1,64,0,0
BRDA:1,64,1,0
BRDA:1,65,0,0
BRDA:1,65,1,0
BRDA:1,66,0,0
BRDA:1,66,1,0
BRDA:1,67,0,0
BRDA:1,67,1,0
BRDA:1,68,0,0
BRDA:1,68,1,0
BRDA:1,69,0,0
BRDA:1,69,1,0
BRDA:1,69,2,0
BRDA:1,70,0,0
BRDA:1,70,1,0
BRDA:1,70,2,0
BRDA:1,71,0,0
BRDA:1,71,1,0
BRDA:1,71,2,0
BRDA:1,72,0,0
BRDA:1,72,1,0
BRDA:1,72,2,0
BRDA:1,73,0,0
BRDA:1,73,1,0
BRDA:1,74,0,0
BRDA:1,74,1,0
BRDA:1,74,2,0
BRDA:1,75,0,0
BRDA:1,75,1,0
BRDA:1,75,2,0
BRDA:1,76,0,0
BRDA:1,76,1,0
BRDA:1,76,2,0
BRDA:1,77,0,0
BRDA:1,77,1,0
BRDA:1,77,2,0
BRDA:1,78,0,0
BRDA:1,78,1,0
BRDA:1,78,2,0
BRDA:1,79,0,0
BRDA:1,79,1,0
BRDA:1,79,2,0
BRDA:1,80,0,0
BRDA:1,80,1,0
BRDA:1,80,2,0
BRDA:1,81,0,0
BRDA:1,81,1,0
BRDA:1,81,2,0
BRDA:1,82,0,0
BRDA:1,82,1,0
BRDA:1,82,2,0
BRDA:1,83,0,0
BRDA:1,83,1,0
BRDA:1,83,2,0
BRDA:1,84,0,0
BRDA:1,84,1,0
BRDA:1,84,2,0
BRDA:1,85,0,0
BRDA:1,85,1,0
BRDA:1,85,2,0
BRDA:1,86,0,0
BRDA:1,86,1,0
BRDA:1,86,2,0
BRDA:1,87,0,0
BRDA:1,87,1,0
BRDA:1,87,2,0
BRDA:1,88,0,0
BRDA:1,88,1,0
BRDA:1,88,2,0
BRDA:1,89,0,0
BRDA:1,89,1,0
BRDA:1,89,2,0
BRDA:1,90,0,0
BRDA:1,90,1,0
BRDA:1,90,2,0
BRDA:1,91,0,0
BRDA:1,91,1,0
BRDA:1,91,2,0
BRDA:1,92,0,0
BRDA:1,92,1,0
BRDA:1,92,2,0
BRDA:1,93,0,0
BRDA:1,93,1,0
BRDA:1,93,2,0
BRDA:1,94,0,0
BRDA:1,94,1,0
BRDA:1,94,2,0
BRDA:1,95,0,0
BRDA:1,95,1,0
BRDA:1,95,2,0
BRDA:1,96,0,0
BRDA:1,96,1,0
BRDA:1,96,2,0
BRDA:1,97,0,0
BRDA:1,97,1,0
BRDA:1,97,2,0
BRDA:1,98,0,0
BRDA:1,98,1,0
BRDA:1,98,2,0
BRDA:1,99,0,0
BRDA:1,99,1,0
BRDA:1,99,2,0
BRDA:1,100,0,0
BRDA:1,100,1,0
BRDA:1,100,2,0
BRDA:1,101,0,0
BRDA:1,101,1,0
BRDA:1,101,2,0
BRDA:1,102,0,0
BRDA:1,102,1,0
BRDA:1,102,2,0
BRDA:1,103,0,0
BRDA:1,103,1,0
BRDA:1,103,2,0
BRDA:1,104,0,0
BRDA:1,104,1,0
BRDA:1,104,2,0
BRDA:1,105,0,0
BRDA:1,105,1,0
BRDA:1,105,2,0
BRDA:1,106,0,0
BRDA:1,106,1,0
BRDA:1,106,2,0
BRDA:1,107,0,0
BRDA:1,107,1,0
BRDA:1,108,0,0
BRDA:1,108,1,0
BRDA:1,109,0,0
BRDA:1,109,1,0
BRDA:1,110,0,0
BRDA:1,110,1,0
BRDA:1,111,0,0
BRDA:1,111,1,0
BRDA:1,112,0,0
BRDA:1,112,1,0
BRDA:1,113,0,0
BRDA:1,113,1,0
BRDA:1,113,2,0
BRDA:1,114,0,0
BRDA:1,114,1,0
BRDA:1,114,2,0
BRDA:1,115,0,0
BRDA:1,115,1,0
BRDA:1,115,2,0
BRDA:1,116,0,0
BRDA:1,116,1,0
BRDA:1,116,2,0
BRDA:1,117,0,0
BRDA:1,117,1,0
BRDA:1,117,2,0
BRDA:1,118,0,0
BRDA:1,118,1,0
BRDA:1,118,2,0
BRDA:1,119,0,0
BRDA:1,119,1,0
BRDA:1,119,2,0
BRDA:1,120,0,0
BRDA:1,120,1,0
BRDA:1,120,2,0
BRDA:1,120,3,0
BRDA:1,121,0,0
BRDA:1,121,1,0
BRDA:1,122,0,0
BRDA:1,122,1,0
BRDA:1,123,0,0
BRDA:1,123,1,0
BRDA:1,124,0,0
BRDA:1,124,1,0
BRDA:1,125,0,0
BRDA:1,125,1,0
BRDA:1,126,0,0
BRDA:1,126,1,0
BRDA:1,127,0,0
BRDA:1,127,1,0
BRDA:1,128,0,0
BRDA:1,128,1,0
BRDA:1,129,0,0
BRDA:1,129,1,0
BRDA:1,130,0,0
BRDA:1,130,1,0
BRDA:1,131,0,0
BRDA:1,131,1,0
BRDA:1,132,0,0
BRDA:1,132,1,0
BRDA:1,133,0,0
BRDA:1,133,1,0
BRDA:1,134,0,0
BRDA:1,134,1,0
BRDA:1,135,0,0
BRDA:1,135,1,0
BRDA:1,136,0,0
BRDA:1,136,1,0
BRDA:1,136,2,0
BRDA:1,137,0,0
BRDA:1,137,1,0
BRDA:1,138,0,0
BRDA:1,138,1,0
BRDA:1,139,0,0
BRDA:1,139,1,0
BRDA:1,140,0,0
BRDA:1,140,1,0
BRDA:1,140,2,0
BRDA:1,141,0,0
BRDA:1,141,1,0
BRDA:1,142,0,0
BRDA:1,142,1,0
BRDA:1,143,0,0
BRDA:1,143,1,0
BRDA:1,144,0,0
BRDA:1,144,1,0
BRDA:1,145,0,0
BRDA:1,145,1,0
BRDA:1,146,0,0
BRDA:1,146,1,0
BRDA:1,147,0,0
BRDA:1,147,1,0
BRF:373
BRH:0
end_of_record
TN:
SF:/Users/song/GradutionProject/edu-graph-vue3/dist/js/chunk-1ecf7cc5.4504fa05.js
FN:1,(anonymous_0)
FN:1,i
FN:1,(anonymous_2)
FN:1,(anonymous_3)
FN:1,l
FN:1,(anonymous_5)
FN:1,(anonymous_6)
FN:1,(anonymous_7)
FN:1,(anonymous_8)
FN:1,c
FN:1,j
FN:1,(anonymous_11)
FN:1,(anonymous_12)
FN:1,(anonymous_13)
FN:1,(anonymous_14)
FN:1,(anonymous_15)
FN:1,(anonymous_16)
FN:1,(anonymous_17)
FN:1,(anonymous_18)
FN:1,(anonymous_19)
FN:1,(anonymous_20)
FN:1,(anonymous_21)
FN:1,N
FN:1,(anonymous_23)
FN:1,(anonymous_24)
FN:1,V
FN:1,(anonymous_26)
FN:1,L
FN:1,(anonymous_28)
FN:1,(anonymous_29)
FN:1,z
FN:1,(anonymous_31)
FN:1,(anonymous_32)
FN:1,(anonymous_33)
FN:1,(anonymous_34)
FN:1,e
FN:1,(anonymous_36)
FN:1,(anonymous_37)
FN:1,t
FN:1,(anonymous_39)
FN:1,(anonymous_40)
FN:1,t
FN:1,(anonymous_42)
FN:1,(anonymous_43)
FN:1,(anonymous_44)
FNF:45
FNH:0
FNDA:0,(anonymous_0)
FNDA:0,i
FNDA:0,(anonymous_2)
FNDA:0,(anonymous_3)
FNDA:0,l
FNDA:0,(anonymous_5)
FNDA:0,(anonymous_6)
FNDA:0,(anonymous_7)
FNDA:0,(anonymous_8)
FNDA:0,c
FNDA:0,j
FNDA:0,(anonymous_11)
FNDA:0,(anonymous_12)
FNDA:0,(anonymous_13)
FNDA:0,(anonymous_14)
FNDA:0,(anonymous_15)
FNDA:0,(anonymous_16)
FNDA:0,(anonymous_17)
FNDA:0,(anonymous_18)
FNDA:0,(anonymous_19)
FNDA:0,(anonymous_20)
FNDA:0,(anonymous_21)
FNDA:0,N
FNDA:0,(anonymous_23)
FNDA:0,(anonymous_24)
FNDA:0,V
FNDA:0,(anonymous_26)
FNDA:0,L
FNDA:0,(anonymous_28)
FNDA:0,(anonymous_29)
FNDA:0,z
FNDA:0,(anonymous_31)
FNDA:0,(anonymous_32)
FNDA:0,(anonymous_33)
FNDA:0,(anonymous_34)
FNDA:0,e
FNDA:0,(anonymous_36)
FNDA:0,(anonymous_37)
FNDA:0,t
FNDA:0,(anonymous_39)
FNDA:0,(anonymous_40)
FNDA:0,t
FNDA:0,(anonymous_42)
FNDA:0,(anonymous_43)
FNDA:0,(anonymous_44)
DA:1,0
LF:1
LH:0
BRDA:1,0,0,0
BRDA:1,0,1,0
BRDA:1,1,0,0
BRDA:1,1,1,0
BRDA:1,2,0,0
BRDA:1,2,1,0
BRDA:1,3,0,0
BRDA:1,3,1,0
BRDA:1,4,0,0
BRDA:1,4,1,0
BRDA:1,5,0,0
BRDA:1,5,1,0
BRDA:1,6,0,0
BRDA:1,6,1,0
BRDA:1,7,0,0
BRDA:1,7,1,0
BRDA:1,8,0,0
BRDA:1,8,1,0
BRDA:1,9,0,0
BRDA:1,9,1,0
BRDA:1,10,0,0
BRDA:1,10,1,0
BRDA:1,11,0,0
BRDA:1,11,1,0
BRDA:1,11,2,0
BRDA:1,11,3,0
BRDA:1,12,0,0
BRDA:1,12,1,0
BRDA:1,13,0,0
BRDA:1,13,1,0
BRDA:1,14,0,0
BRDA:1,14,1,0
BRDA:1,15,0,0
BRDA:1,15,1,0
BRDA:1,16,0,0
BRDA:1,16,1,0
BRDA:1,17,0,0
BRDA:1,17,1,0
BRDA:1,18,0,0
BRDA:1,18,1,0
BRDA:1,19,0,0
BRDA:1,19,1,0
BRDA:1,19,2,0
BRDA:1,19,3,0
BRDA:1,20,0,0
BRDA:1,20,1,0
BRDA:1,21,0,0
BRDA:1,21,1,0
BRDA:1,22,0,0
BRDA:1,22,1,0
BRDA:1,23,0,0
BRDA:1,23,1,0
BRDA:1,24,0,0
BRDA:1,24,1,0
BRDA:1,25,0,0
BRDA:1,25,1,0
BRDA:1,26,0,0
BRDA:1,26,1,0
BRDA:1,27,0,0
BRDA:1,27,1,0
BRDA:1,27,2,0
BRDA:1,27,3,0
BRDA:1,28,0,0
BRDA:1,28,1,0
BRDA:1,29,0,0
BRDA:1,29,1,0
BRDA:1,30,0,0
BRDA:1,30,1,0
BRDA:1,31,0,0
BRDA:1,31,1,0
BRDA:1,32,0,0
BRDA:1,32,1,0
BRDA:1,33,0,0
BRDA:1,33,1,0
BRDA:1,34,0,0
BRDA:1,34,1,0
BRF:76
BRH:0
end_of_record
TN:
SF:/Users/song/GradutionProject/edu-graph-vue3/dist/js/chunk-2d0be2d6.48bd92ad.js
FN:1,(anonymous_0)
FN:1,s
FN:1,(anonymous_2)
FN:1,(anonymous_3)
FN:1,(anonymous_4)
FN:1,(anonymous_5)
FN:1,(anonymous_6)
FN:1,(anonymous_7)
FN:1,(anonymous_8)
FN:1,(anonymous_9)
FN:1,(anonymous_10)
FN:1,(anonymous_11)
FN:1,(anonymous_12)
FN:1,(anonymous_13)
FN:1,(anonymous_14)
FN:1,(anonymous_15)
FN:1,(anonymous_16)
FN:1,(anonymous_17)
FN:1,(anonymous_18)
FN:1,(anonymous_19)
FN:1,(anonymous_20)
FN:1,(anonymous_21)
FN:1,(anonymous_22)
FN:1,(anonymous_23)
FN:1,(anonymous_24)
FN:1,(anonymous_25)
FN:1,(anonymous_26)
FN:1,(anonymous_27)
FN:1,(anonymous_28)
FN:1,(anonymous_29)
FN:1,(anonymous_30)
FN:1,(anonymous_31)
FN:1,(anonymous_32)
FN:1,(anonymous_33)
FN:1,(anonymous_34)
FNF:35
FNH:0
FNDA:0,(anonymous_0)
FNDA:0,s
FNDA:0,(anonymous_2)
FNDA:0,(anonymous_3)
FNDA:0,(anonymous_4)
FNDA:0,(anonymous_5)
FNDA:0,(anonymous_6)
FNDA:0,(anonymous_7)
FNDA:0,(anonymous_8)
FNDA:0,(anonymous_9)
FNDA:0,(anonymous_10)
FNDA:0,(anonymous_11)
FNDA:0,(anonymous_12)
FNDA:0,(anonymous_13)
FNDA:0,(anonymous_14)
FNDA:0,(anonymous_15)
FNDA:0,(anonymous_16)
FNDA:0,(anonymous_17)
FNDA:0,(anonymous_18)
FNDA:0,(anonymous_19)
FNDA:0,(anonymous_20)
FNDA:0,(anonymous_21)
FNDA:0,(anonymous_22)
FNDA:0,(anonymous_23)
FNDA:0,(anonymous_24)
FNDA:0,(anonymous_25)
FNDA:0,(anonymous_26)
FNDA:0,(anonymous_27)
FNDA:0,(anonymous_28)
FNDA:0,(anonymous_29)
FNDA:0,(anonymous_30)
FNDA:0,(anonymous_31)
FNDA:0,(anonymous_32)
FNDA:0,(anonymous_33)
FNDA:0,(anonymous_34)
DA:1,0
LF:1
LH:0
BRDA:1,0,0,0
BRDA:1,0,1,0
BRDA:1,1,0,0
BRDA:1,1,1,0
BRDA:1,2,0,0
BRDA:1,2,1,0
BRDA:1,3,0,0
BRDA:1,3,1,0
BRDA:1,4,0,0
BRDA:1,4,1,0
BRDA:1,5,0,0
BRDA:1,5,1,0
BRDA:1,6,0,0
BRDA:1,6,1,0
BRDA:1,7,0,0
BRDA:1,7,1,0
BRF:16
BRH:0
end_of_record
TN:
SF:/Users/song/GradutionProject/edu-graph-vue3/dist/js/chunk-2d0de374.5c4e43da.js
FN:1,(anonymous_0)
FN:1,t
FNF:2
FNH:0
FNDA:0,(anonymous_0)
FNDA:0,t
DA:1,0
LF:1
LH:0
BRDA:1,0,0,0
BRDA:1,0,1,0
BRF:2
BRH:0
end_of_record
TN:
SF:/Users/song/GradutionProject/edu-graph-vue3/dist/js/chunk-2d0e9aa5.fe2eb1a9.js
FN:1,(anonymous_0)
FN:1,a
FNF:2
FNH:0
FNDA:0,(anonymous_0)
FNDA:0,a
DA:1,0
LF:1
LH:0
BRDA:1,0,0,0
BRDA:1,0,1,0
BRF:2
BRH:0
end_of_record
TN:
SF:/Users/song/GradutionProject/edu-graph-vue3/dist/js/chunk-36c93d01.ab4ffe94.js
FN:1,(anonymous_0)
FN:1,(anonymous_1)
FN:1,r
FN:1,(anonymous_3)
FN:1,(anonymous_4)
FN:1,(anonymous_5)
FN:1,(anonymous_6)
FN:1,(anonymous_7)
FN:1,(anonymous_8)
FN:1,(anonymous_9)
FN:1,(anonymous_10)
FN:1,(anonymous_11)
FN:1,(anonymous_12)
FN:1,(anonymous_13)
FN:1,(anonymous_14)
FN:1,(anonymous_15)
FN:1,c
FN:1,(anonymous_17)
FN:1,(anonymous_18)
FNF:19
FNH:0
FNDA:0,(anonymous_0)
FNDA:0,(anonymous_1)
FNDA:0,r
FNDA:0,(anonymous_3)
FNDA:0,(anonymous_4)
FNDA:0,(anonymous_5)
FNDA:0,(anonymous_6)
FNDA:0,(anonymous_7)
FNDA:0,(anonymous_8)
FNDA:0,(anonymous_9)
FNDA:0,(anonymous_10)
FNDA:0,(anonymous_11)
FNDA:0,(anonymous_12)
FNDA:0,(anonymous_13)
FNDA:0,(anonymous_14)
FNDA:0,(anonymous_15)
FNDA:0,c
FNDA:0,(anonymous_17)
FNDA:0,(anonymous_18)
DA:1,0
LF:1
LH:0
BRDA:1,0,0,0
BRDA:1,0,1,0
BRDA:1,1,0,0
BRDA:1,1,1,0
BRDA:1,2,0,0
BRDA:1,2,1,0
BRDA:1,3,0,0
BRDA:1,3,1,0
BRF:8
BRH:0
end_of_record
TN:
SF:/Users/song/GradutionProject/edu-graph-vue3/dist/js/chunk-39a1a620.f9f8248c.js
FN:1,(anonymous_0)
FN:1,(anonymous_1)
FN:1,(anonymous_2)
FN:1,n
FN:1,r
FN:1,o
FN:1,i
FN:1,a
FN:1,s
FN:1,u
FN:1,c
FN:1,l
FN:1,h
FN:1,f
FN:1,p
FN:1,d
FN:1,(anonymous_16)
FN:1,(anonymous_17)
FN:1,e
FN:1,(anonymous_19)
FN:1,(anonymous_20)
FN:1,(anonymous_21)
FN:1,(anonymous_22)
FN:1,(anonymous_23)
FN:1,(anonymous_24)
FN:1,(anonymous_25)
FN:1,(anonymous_26)
FN:1,(anonymous_27)
FN:1,(anonymous_28)
FN:1,(anonymous_29)
FN:1,(anonymous_30)
FN:1,(anonymous_31)
FN:1,(anonymous_32)
FN:1,(anonymous_33)
FN:1,(anonymous_34)
FN:1,(anonymous_35)
FN:1,(anonymous_36)
FN:1,(anonymous_37)
FN:1,r
FN:1,(anonymous_39)
FN:1,(anonymous_40)
FN:1,(anonymous_41)
FN:1,(anonymous_42)
FN:1,(anonymous_43)
FN:1,(anonymous_44)
FN:1,(anonymous_45)
FN:1,(anonymous_46)
FN:1,(anonymous_47)
FN:1,i
FN:1,(anonymous_49)
FN:1,(anonymous_50)
FN:1,(anonymous_51)
FN:1,(anonymous_52)
FN:1,(anonymous_53)
FN:1,(anonymous_54)
FN:1,(anonymous_55)
FN:1,(anonymous_56)
FN:1,r
FN:1,(anonymous_58)
FN:1,(anonymous_59)
FN:1,t
FN:1,(anonymous_61)
FN:1,e
FN:1,(anonymous_63)
FN:1,e
FN:1,(anonymous_65)
FN:1,t
FN:1,(anonymous_67)
FN:1,(anonymous_68)
FN:1,(anonymous_69)
FN:1,(anonymous_70)
FN:1,(anonymous_71)
FN:1,(anonymous_72)
FN:1,(anonymous_73)
FN:1,(anonymous_74)
FN:1,(anonymous_75)
FN:1,(anonymous_76)
FN:1,(anonymous_77)
FN:1,(anonymous_78)
FN:1,(anonymous_79)
FN:1,(anonymous_80)
FN:1,r
FN:1,(anonymous_82)
FN:1,(anonymous_83)
FN:1,(anonymous_84)
FN:1,t
FN:1,(anonymous_86)
FN:1,(anonymous_87)
FN:1,(anonymous_88)
FN:1,e
FN:1,(anonymous_90)
FN:1,(anonymous_91)
FN:1,(anonymous_92)
FN:1,(anonymous_93)
FN:1,(anonymous_94)
FN:1,t
FN:1,(anonymous_96)
FN:1,d
FN:1,y
FN:1,g
FN:1,v
FN:1,b
FN:1,w
FN:1,(anonymous_103)
FN:1,(anonymous_104)
FN:1,(anonymous_105)
FN:1,o
FN:1,(anonymous_107)
FN:1,(anonymous_108)
FN:1,a
FN:1,s
FN:1,u
FN:1,(anonymous_112)
FN:1,(anonymous_113)
FN:1,(anonymous_114)
FN:1,s
FN:1,(anonymous_116)
FN:1,u
FN:1,O
FN:1,P
FN:1,(anonymous_120)
FN:1,_
FN:1,(anonymous_122)
FN:1,U
FN:1,(anonymous_124)
FN:1,z
FN:1,R
FN:1,E
FN:1,j
FN:1,F
FN:1,L
FN:1,q
FN:1,T
FN:1,H
FN:1,(anonymous_134)
FN:1,(anonymous_135)
FN:1,M
FN:1,(anonymous_137)
FN:1,(anonymous_138)
FN:1,(anonymous_139)
FN:1,D
FN:1,(anonymous_141)
FN:1,(anonymous_142)
FN:1,(anonymous_143)
FN:1,(anonymous_144)
FN:1,B
FN:1,N
FN:1,G
FN:1,V
FN:1,(anonymous_149)
FN:1,(anonymous_150)
FN:1,(anonymous_151)
FN:1,o
FN:1,(anonymous_153)
FN:1,(anonymous_154)
FN:1,a
FN:1,s
FN:1,u
FN:1,(anonymous_158)
FN:1,(anonymous_159)
FN:1,(anonymous_160)
FN:1,s
FN:1,(anonymous_162)
FN:1,u
FN:1,Y
FN:1,(anonymous_165)
FN:1,(anonymous_166)
FN:1,Z
FN:1,tt
FN:1,et
FN:1,nt
FN:1,rt
FN:1,(anonymous_172)
FN:1,(anonymous_173)
FN:1,(anonymous_174)
FN:1,o
FN:1,(anonymous_176)
FN:1,(anonymous_177)
FN:1,a
FN:1,s
FN:1,u
FN:1,(anonymous_181)
FN:1,(anonymous_182)
FN:1,(anonymous_183)
FN:1,s
FN:1,(anonymous_185)
FN:1,u
FN:1,(anonymous_187)
FN:1,(anonymous_188)
FN:1,(anonymous_189)
FN:1,t
FN:1,(anonymous_191)
FN:1,(anonymous_192)
FN:1,(anonymous_193)
FN:1,(anonymous_194)
FN:1,(anonymous_195)
FN:1,(anonymous_196)
FN:1,(anonymous_197)
FN:1,(anonymous_198)
FN:1,(anonymous_199)
FN:1,(anonymous_200)
FN:1,(anonymous_201)
FN:1,(anonymous_202)
FN:1,(anonymous_203)
FN:1,(anonymous_204)
FN:1,(anonymous_205)
FN:1,(anonymous_206)
FN:1,(anonymous_207)
FN:1,(anonymous_208)
FN:1,(anonymous_209)
FN:1,(anonymous_210)
FN:1,r
FN:1,(anonymous_212)
FN:1,(anonymous_213)
FN:1,(anonymous_214)
FN:1,o
FN:1,(anonymous_216)
FN:1,(anonymous_217)
FN:1,a
FN:1,s
FN:1,u
FN:1,(anonymous_221)
FN:1,(anonymous_222)
FN:1,(anonymous_223)
FN:1,s
FN:1,(anonymous_225)
FN:1,u
FN:1,wt
FN:1,(anonymous_228)
FN:1,e
FN:1,(anonymous_230)
FN:1,(anonymous_231)
FN:1,(anonymous_232)
FN:1,(anonymous_233)
FN:1,(anonymous_234)
FN:1,(anonymous_235)
FN:1,(anonymous_236)
FN:1,(anonymous_237)
FN:1,(anonymous_238)
FN:1,(anonymous_239)
FN:1,(anonymous_240)
FN:1,(anonymous_241)
FN:1,(anonymous_242)
FN:1,(anonymous_243)
FN:1,(anonymous_244)
FN:1,(anonymous_245)
FN:1,(anonymous_246)
FN:1,(anonymous_247)
FN:1,(anonymous_248)
FN:1,(anonymous_249)
FN:1,(anonymous_250)
FN:1,(anonymous_251)
FN:1,(anonymous_252)
FN:1,(anonymous_253)
FN:1,(anonymous_254)
FN:1,(anonymous_255)
FN:1,(anonymous_256)
FN:1,(anonymous_257)
FN:1,(anonymous_258)
FN:1,(anonymous_259)
FN:1,(anonymous_260)
FN:1,(anonymous_261)
FN:1,r
FN:1,(anonymous_263)
FN:1,o
FN:1,(anonymous_265)
FN:1,(anonymous_266)
FN:1,a
FN:1,s
FN:1,u
FN:1,(anonymous_270)
FN:1,(anonymous_271)
FN:1,(anonymous_272)
FN:1,s
FN:1,(anonymous_274)
FN:1,u
FN:1,(anonymous_276)
FN:1,e
FN:1,(anonymous_278)
FN:1,(anonymous_279)
FN:1,(anonymous_280)
FN:1,(anonymous_281)
FN:1,(anonymous_282)
FN:1,(anonymous_283)
FN:1,(anonymous_284)
FN:1,(anonymous_285)
FN:1,Ot
FN:1,(anonymous_287)
FN:1,(anonymous_288)
FN:1,(anonymous_289)
FN:1,(anonymous_290)
FN:1,t
FN:1,(anonymous_292)
FN:1,(anonymous_293)
FN:1,(anonymous_294)
FN:1,(anonymous_295)
FN:1,(anonymous_296)
FN:1,(anonymous_297)
FN:1,o
FN:1,(anonymous_299)
FN:1,(anonymous_300)
FN:1,a
FN:1,s
FN:1,u
FN:1,(anonymous_304)
FN:1,(anonymous_305)
FN:1,(anonymous_306)
FN:1,s
FN:1,(anonymous_308)
FN:1,u
FN:1,(anonymous_310)
FN:1,(anonymous_311)
FN:1,(anonymous_312)
FN:1,t
FN:1,(anonymous_314)
FN:1,(anonymous_315)
FN:1,(anonymous_316)
FN:1,(anonymous_317)
FN:1,(anonymous_318)
FN:1,(anonymous_319)
FN:1,t
FN:1,(anonymous_321)
FN:1,(anonymous_322)
FN:1,(anonymous_323)
FN:1,(anonymous_324)
FN:1,(anonymous_325)
FN:1,(anonymous_326)
FN:1,(anonymous_327)
FN:1,(anonymous_328)
FN:1,(anonymous_329)
FN:1,(anonymous_330)
FN:1,Ht
FN:1,Mt
FN:1,(anonymous_333)
FN:1,(anonymous_334)
FN:1,(anonymous_335)
FN:1,(anonymous_336)
FN:1,(anonymous_337)
FN:1,(anonymous_338)
FN:1,(anonymous_339)
FN:1,(anonymous_340)
FN:1,(anonymous_341)
FN:1,Vt
FN:1,(anonymous_343)
FN:1,(anonymous_344)
FN:1,(anonymous_345)
FN:1,o
FN:1,(anonymous_347)
FN:1,(anonymous_348)
FN:1,a
FN:1,s
FN:1,u
FN:1,(anonymous_352)
FN:1,(anonymous_353)
FN:1,(anonymous_354)
FN:1,s
FN:1,(anonymous_356)
FN:1,u
FN:1,(anonymous_358)
FN:1,te
FN:1,(anonymous_360)
FN:1,t
FN:1,(anonymous_362)
FN:1,(anonymous_363)
FN:1,(anonymous_364)
FN:1,(anonymous_365)
FN:1,(anonymous_366)
FN:1,(anonymous_367)
FN:1,(anonymous_368)
FN:1,(anonymous_369)
FN:1,(anonymous_370)
FN:1,(anonymous_371)
FN:1,(anonymous_372)
FN:1,(anonymous_373)
FN:1,(anonymous_374)
FN:1,(anonymous_375)
FN:1,(anonymous_376)
FNF:377
FNH:0
FNDA:0,(anonymous_0)
FNDA:0,(anonymous_1)
FNDA:0,(anonymous_2)
FNDA:0,n
FNDA:0,r
FNDA:0,o
FNDA:0,i
FNDA:0,a
FNDA:0,s
FNDA:0,u
FNDA:0,c
FNDA:0,l
FNDA:0,h
FNDA:0,f
FNDA:0,p
FNDA:0,d
FNDA:0,(anonymous_16)
FNDA:0,(anonymous_17)
FNDA:0,e
FNDA:0,(anonymous_19)
FNDA:0,(anonymous_20)
FNDA:0,(anonymous_21)
FNDA:0,(anonymous_22)
FNDA:0,(anonymous_23)
FNDA:0,(anonymous_24)
FNDA:0,(anonymous_25)
FNDA:0,(anonymous_26)
FNDA:0,(anonymous_27)
FNDA:0,(anonymous_28)
FNDA:0,(anonymous_29)
FNDA:0,(anonymous_30)
FNDA:0,(anonymous_31)
FNDA:0,(anonymous_32)
FNDA:0,(anonymous_33)
FNDA:0,(anonymous_34)
FNDA:0,(anonymous_35)
FNDA:0,(anonymous_36)
FNDA:0,(anonymous_37)
FNDA:0,r
FNDA:0,(anonymous_39)
FNDA:0,(anonymous_40)
FNDA:0,(anonymous_41)
FNDA:0,(anonymous_42)
FNDA:0,(anonymous_43)
FNDA:0,(anonymous_44)
FNDA:0,(anonymous_45)
FNDA:0,(anonymous_46)
FNDA:0,(anonymous_47)
FNDA:0,i
FNDA:0,(anonymous_49)
FNDA:0,(anonymous_50)
FNDA:0,(anonymous_51)
FNDA:0,(anonymous_52)
FNDA:0,(anonymous_53)
FNDA:0,(anonymous_54)
FNDA:0,(anonymous_55)
FNDA:0,(anonymous_56)
FNDA:0,r
FNDA:0,(anonymous_58)
FNDA:0,(anonymous_59)
FNDA:0,t
FNDA:0,(anonymous_61)
FNDA:0,e
FNDA:0,(anonymous_63)
FNDA:0,e
FNDA:0,(anonymous_65)
FNDA:0,t
FNDA:0,(anonymous_67)
FNDA:0,(anonymous_68)
FNDA:0,(anonymous_69)
FNDA:0,(anonymous_70)
FNDA:0,(anonymous_71)
FNDA:0,(anonymous_72)
FNDA:0,(anonymous_73)
FNDA:0,(anonymous_74)
FNDA:0,(anonymous_75)
FNDA:0,(anonymous_76)
FNDA:0,(anonymous_77)
FNDA:0,(anonymous_78)
FNDA:0,(anonymous_79)
FNDA:0,(anonymous_80)
FNDA:0,r
FNDA:0,(anonymous_82)
FNDA:0,(anonymous_83)
FNDA:0,(anonymous_84)
FNDA:0,t
FNDA:0,(anonymous_86)
FNDA:0,(anonymous_87)
FNDA:0,(anonymous_88)
FNDA:0,e
FNDA:0,(anonymous_90)
FNDA:0,(anonymous_91)
FNDA:0,(anonymous_92)
FNDA:0,(anonymous_93)
FNDA:0,(anonymous_94)
FNDA:0,t
FNDA:0,(anonymous_96)
FNDA:0,d
FNDA:0,y
FNDA:0,g
FNDA:0,v
FNDA:0,b
FNDA:0,w
FNDA:0,(anonymous_103)
FNDA:0,(anonymous_104)
FNDA:0,(anonymous_105)
FNDA:0,o
FNDA:0,(anonymous_107)
FNDA:0,(anonymous_108)
FNDA:0,a
FNDA:0,s
FNDA:0,u
FNDA:0,(anonymous_112)
FNDA:0,(anonymous_113)
FNDA:0,(anonymous_114)
FNDA:0,s
FNDA:0,(anonymous_116)
FNDA:0,u
FNDA:0,O
FNDA:0,P
FNDA:0,(anonymous_120)
FNDA:0,_
FNDA:0,(anonymous_122)
FNDA:0,U
FNDA:0,(anonymous_124)
FNDA:0,z
FNDA:0,R
FNDA:0,E
FNDA:0,j
FNDA:0,F
FNDA:0,L
FNDA:0,q
FNDA:0,T
FNDA:0,H
FNDA:0,(anonymous_134)
FNDA:0,(anonymous_135)
FNDA:0,M
FNDA:0,(anonymous_137)
FNDA:0,(anonymous_138)
FNDA:0,(anonymous_139)
FNDA:0,D
FNDA:0,(anonymous_141)
FNDA:0,(anonymous_142)
FNDA:0,(anonymous_143)
FNDA:0,(anonymous_144)
FNDA:0,B
FNDA:0,N
FNDA:0,G
FNDA:0,V
FNDA:0,(anonymous_149)
FNDA:0,(anonymous_150)
FNDA:0,(anonymous_151)
FNDA:0,o
FNDA:0,(anonymous_153)
FNDA:0,(anonymous_154)
FNDA:0,a
FNDA:0,s
FNDA:0,u
FNDA:0,(anonymous_158)
FNDA:0,(anonymous_159)
FNDA:0,(anonymous_160)
FNDA:0,s
FNDA:0,(anonymous_162)
FNDA:0,u
FNDA:0,Y
FNDA:0,(anonymous_165)
FNDA:0,(anonymous_166)
FNDA:0,Z
FNDA:0,tt
FNDA:0,et
FNDA:0,nt
FNDA:0,rt
FNDA:0,(anonymous_172)
FNDA:0,(anonymous_173)
FNDA:0,(anonymous_174)
FNDA:0,o
FNDA:0,(anonymous_176)
FNDA:0,(anonymous_177)
FNDA:0,a
FNDA:0,s
FNDA:0,u
FNDA:0,(anonymous_181)
FNDA:0,(anonymous_182)
FNDA:0,(anonymous_183)
FNDA:0,s
FNDA:0,(anonymous_185)
FNDA:0,u
FNDA:0,(anonymous_187)
FNDA:0,(anonymous_188)
FNDA:0,(anonymous_189)
FNDA:0,t
FNDA:0,(anonymous_191)
FNDA:0,(anonymous_192)
FNDA:0,(anonymous_193)
FNDA:0,(anonymous_194)
FNDA:0,(anonymous_195)
FNDA:0,(anonymous_196)
FNDA:0,(anonymous_197)
FNDA:0,(anonymous_198)
FNDA:0,(anonymous_199)
FNDA:0,(anonymous_200)
FNDA:0,(anonymous_201)
FNDA:0,(anonymous_202)
FNDA:0,(anonymous_203)
FNDA:0,(anonymous_204)
FNDA:0,(anonymous_205)
FNDA:0,(anonymous_206)
FNDA:0,(anonymous_207)
FNDA:0,(anonymous_208)
FNDA:0,(anonymous_209)
FNDA:0,(anonymous_210)
FNDA:0,r
FNDA:0,(anonymous_212)
FNDA:0,(anonymous_213)
FNDA:0,(anonymous_214)
FNDA:0,o
FNDA:0,(anonymous_216)
FNDA:0,(anonymous_217)
FNDA:0,a
FNDA:0,s
FNDA:0,u
FNDA:0,(anonymous_221)
FNDA:0,(anonymous_222)
FNDA:0,(anonymous_223)
FNDA:0,s
FNDA:0,(anonymous_225)
FNDA:0,u
FNDA:0,wt
FNDA:0,(anonymous_228)
FNDA:0,e
FNDA:0,(anonymous_230)
FNDA:0,(anonymous_231)
FNDA:0,(anonymous_232)
FNDA:0,(anonymous_233)
FNDA:0,(anonymous_234)
FNDA:0,(anonymous_235)
FNDA:0,(anonymous_236)
FNDA:0,(anonymous_237)
FNDA:0,(anonymous_238)
FNDA:0,(anonymous_239)
FNDA:0,(anonymous_240)
FNDA:0,(anonymous_241)
FNDA:0,(anonymous_242)
FNDA:0,(anonymous_243)
FNDA:0,(anonymous_244)
FNDA:0,(anonymous_245)
FNDA:0,(anonymous_246)
FNDA:0,(anonymous_247)
FNDA:0,(anonymous_248)
FNDA:0,(anonymous_249)
FNDA:0,(anonymous_250)
FNDA:0,(anonymous_251)
FNDA:0,(anonymous_252)
FNDA:0,(anonymous_253)
FNDA:0,(anonymous_254)
FNDA:0,(anonymous_255)
FNDA:0,(anonymous_256)
FNDA:0,(anonymous_257)
FNDA:0,(anonymous_258)
FNDA:0,(anonymous_259)
FNDA:0,(anonymous_260)
FNDA:0,(anonymous_261)
FNDA:0,r
FNDA:0,(anonymous_263)
FNDA:0,o
FNDA:0,(anonymous_265)
FNDA:0,(anonymous_266)
FNDA:0,a
FNDA:0,s
FNDA:0,u
FNDA:0,(anonymous_270)
FNDA:0,(anonymous_271)
FNDA:0,(anonymous_272)
FNDA:0,s
FNDA:0,(anonymous_274)
FNDA:0,u
FNDA:0,(anonymous_276)
FNDA:0,e
FNDA:0,(anonymous_278)
FNDA:0,(anonymous_279)
FNDA:0,(anonymous_280)
FNDA:0,(anonymous_281)
FNDA:0,(anonymous_282)
FNDA:0,(anonymous_283)
FNDA:0,(anonymous_284)
FNDA:0,(anonymous_285)
FNDA:0,Ot
FNDA:0,(anonymous_287)
FNDA:0,(anonymous_288)
FNDA:0,(anonymous_289)
FNDA:0,(anonymous_290)
FNDA:0,t
FNDA:0,(anonymous_292)
FNDA:0,(anonymous_293)
FNDA:0,(anonymous_294)
FNDA:0,(anonymous_295)
FNDA:0,(anonymous_296)
FNDA:0,(anonymous_297)
FNDA:0,o
FNDA:0,(anonymous_299)
FNDA:0,(anonymous_300)
FNDA:0,a
FNDA:0,s
FNDA:0,u
FNDA:0,(anonymous_304)
FNDA:0,(anonymous_305)
FNDA:0,(anonymous_306)
FNDA:0,s
FNDA:0,(anonymous_308)
FNDA:0,u
FNDA:0,(anonymous_310)
FNDA:0,(anonymous_311)
FNDA:0,(anonymous_312)
FNDA:0,t
FNDA:0,(anonymous_314)
FNDA:0,(anonymous_315)
FNDA:0,(anonymous_316)
FNDA:0,(anonymous_317)
FNDA:0,(anonymous_318)
FNDA:0,(anonymous_319)
FNDA:0,t
FNDA:0,(anonymous_321)
FNDA:0,(anonymous_322)
FNDA:0,(anonymous_323)
FNDA:0,(anonymous_324)
FNDA:0,(anonymous_325)
FNDA:0,(anonymous_326)
FNDA:0,(anonymous_327)
FNDA:0,(anonymous_328)
FNDA:0,(anonymous_329)
FNDA:0,(anonymous_330)
FNDA:0,Ht
FNDA:0,Mt
FNDA:0,(anonymous_333)
FNDA:0,(anonymous_334)
FNDA:0,(anonymous_335)
FNDA:0,(anonymous_336)
FNDA:0,(anonymous_337)
FNDA:0,(anonymous_338)
FNDA:0,(anonymous_339)
FNDA:0,(anonymous_340)
FNDA:0,(anonymous_341)
FNDA:0,Vt
FNDA:0,(anonymous_343)
FNDA:0,(anonymous_344)
FNDA:0,(anonymous_345)
FNDA:0,o
FNDA:0,(anonymous_347)
FNDA:0,(anonymous_348)
FNDA:0,a
FNDA:0,s
FNDA:0,u
FNDA:0,(anonymous_352)
FNDA:0,(anonymous_353)
FNDA:0,(anonymous_354)
FNDA:0,s
FNDA:0,(anonymous_356)
FNDA:0,u
FNDA:0,(anonymous_358)
FNDA:0,te
FNDA:0,(anonymous_360)
FNDA:0,t
FNDA:0,(anonymous_362)
FNDA:0,(anonymous_363)
FNDA:0,(anonymous_364)
FNDA:0,(anonymous_365)
FNDA:0,(anonymous_366)
FNDA:0,(anonymous_367)
FNDA:0,(anonymous_368)
FNDA:0,(anonymous_369)
FNDA:0,(anonymous_370)
FNDA:0,(anonymous_371)
FNDA:0,(anonymous_372)
FNDA:0,(anonymous_373)
FNDA:0,(anonymous_374)
FNDA:0,(anonymous_375)
FNDA:0,(anonymous_376)
DA:1,0
LF:1
LH:0
BRDA:1,0,0,0
BRDA:1,0,1,0
BRDA:1,1,0,0
BRDA:1,1,1,0
BRDA:1,2,0,0
BRDA:1,2,1,0
BRDA:1,3,0,0
BRDA:1,3,1,0
BRDA:1,4,0,0
BRDA:1,4,1,0
BRDA:1,5,0,0
BRDA:1,5,1,0
BRDA:1,6,0,0
BRDA:1,6,1,0
BRDA:1,7,0,0
BRDA:1,7,1,0
BRDA:1,8,0,0
BRDA:1,8,1,0
BRDA:1,9,0,0
BRDA:1,9,1,0
BRDA:1,10,0,0
BRDA:1,10,1,0
BRDA:1,10,2,0
BRDA:1,11,0,0
BRDA:1,11,1,0
BRDA:1,12,0,0
BRDA:1,12,1,0
BRDA:1,13,0,0
BRDA:1,13,1,0
BRDA:1,14,0,0
BRDA:1,14,1,0
BRDA:1,15,0,0
BRDA:1,15,1,0
BRDA:1,16,0,0
BRDA:1,16,1,0
BRDA:1,17,0,0
BRDA:1,17,1,0
BRDA:1,18,0,0
BRDA:1,18,1,0
BRDA:1,19,0,0
BRDA:1,19,1,0
BRDA:1,20,0,0
BRDA:1,20,1,0
BRDA:1,21,0,0
BRDA:1,21,1,0
BRDA:1,22,0,0
BRDA:1,22,1,0
BRDA:1,23,0,0
BRDA:1,23,1,0
BRDA:1,24,0,0
BRDA:1,24,1,0
BRDA:1,25,0,0
BRDA:1,25,1,0
BRDA:1,26,0,0
BRDA:1,26,1,0
BRDA:1,26,2,0
BRDA:1,27,0,0
BRDA:1,27,1,0
BRDA:1,27,2,0
BRDA:1,28,0,0
BRDA:1,28,1,0
BRDA:1,29,0,0
BRDA:1,29,1,0
BRDA:1,30,0,0
BRDA:1,30,1,0
BRDA:1,31,0,0
BRDA:1,31,1,0
BRDA:1,32,0,0
BRDA:1,32,1,0
BRDA:1,32,2,0
BRDA:1,32,3,0
BRDA:1,33,0,0
BRDA:1,33,1,0
BRDA:1,34,0,0
BRDA:1,34,1,0
BRDA:1,35,0,0
BRDA:1,35,1,0
BRDA:1,36,0,0
BRDA:1,36,1,0
BRDA:1,37,0,0
BRDA:1,37,1,0
BRDA:1,38,0,0
BRDA:1,38,1,0
BRDA:1,39,0,0
BRDA:1,39,1,0
BRDA:1,40,0,0
BRDA:1,40,1,0
BRDA:1,41,0,0
BRDA:1,41,1,0
BRDA:1,42,0,0
BRDA:1,42,1,0
BRDA:1,43,0,0
BRDA:1,43,1,0
BRDA:1,44,0,0
BRDA:1,44,1,0
BRDA:1,45,0,0
BRDA:1,45,1,0
BRDA:1,45,2,0
BRDA:1,45,3,0
BRDA:1,46,0,0
BRDA:1,46,1,0
BRDA:1,47,0,0
BRDA:1,47,1,0
BRDA:1,48,0,0
BRDA:1,48,1,0
BRDA:1,49,0,0
BRDA:1,49,1,0
BRDA:1,50,0,0
BRDA:1,50,1,0
BRDA:1,51,0,0
BRDA:1,51,1,0
BRDA:1,52,0,0
BRDA:1,52,1,0
BRDA:1,52,2,0
BRDA:1,52,3,0
BRDA:1,53,0,0
BRDA:1,53,1,0
BRDA:1,54,0,0
BRDA:1,54,1,0
BRDA:1,55,0,0
BRDA:1,55,1,0
BRDA:1,56,0,0
BRDA:1,56,1,0
BRDA:1,57,0,0
BRDA:1,57,1,0
BRDA:1,58,0,0
BRDA:1,58,1,0
BRDA:1,59,0,0
BRDA:1,59,1,0
BRDA:1,60,0,0
BRDA:1,60,1,0
BRDA:1,61,0,0
BRDA:1,61,1,0
BRDA:1,62,0,0
BRDA:1,62,1,0
BRDA:1,63,0,0
BRDA:1,63,1,0
BRDA:1,64,0,0
BRDA:1,64,1,0
BRDA:1,65,0,0
BRDA:1,65,1,0
BRDA:1,66,0,0
BRDA:1,66,1,0
BRDA:1,66,2,0
BRDA:1,67,0,0
BRDA:1,67,1,0
BRDA:1,67,2,0
BRDA:1,68,0,0
BRDA:1,68,1,0
BRDA:1,68,2,0
BRDA:1,69,0,0
BRDA:1,69,1,0
BRDA:1,70,0,0
BRDA:1,70,1,0
BRDA:1,71,0,0
BRDA:1,71,1,0
BRDA:1,72,0,0
BRDA:1,72,1,0
BRDA:1,73,0,0
BRDA:1,73,1,0
BRDA:1,74,0,0
BRDA:1,74,1,0
BRDA:1,75,0,0
BRDA:1,75,1,0
BRDA:1,76,0,0
BRDA:1,76,1,0
BRDA:1,77,0,0
BRDA:1,77,1,0
BRDA:1,78,0,0
BRDA:1,78,1,0
BRDA:1,79,0,0
BRDA:1,79,1,0
BRDA:1,80,0,0
BRDA:1,80,1,0
BRDA:1,81,0,0
BRDA:1,81,1,0
BRDA:1,82,0,0
BRDA:1,82,1,0
BRDA:1,83,0,0
BRDA:1,83,1,0
BRDA:1,84,0,0
BRDA:1,84,1,0
BRDA:1,85,0,0
BRDA:1,85,1,0
BRDA:1,86,0,0
BRDA:1,86,1,0
BRDA:1,87,0,0
BRDA:1,87,1,0
BRDA:1,88,0,0
BRDA:1,88,1,0
BRDA:1,89,0,0
BRDA:1,89,1,0
BRDA:1,90,0,0
BRDA:1,90,1,0
BRDA:1,91,0,0
BRDA:1,91,1,0
BRDA:1,92,0,0
BRDA:1,92,1,0
BRDA:1,93,0,0
BRDA:1,93,1,0
BRDA:1,94,0,0
BRDA:1,94,1,0
BRDA:1,95,0,0
BRDA:1,95,1,0
BRDA:1,96,0,0
BRDA:1,96,1,0
BRDA:1,97,0,0
BRDA:1,97,1,0
BRDA:1,98,0,0
BRDA:1,98,1,0
BRDA:1,99,0,0
BRDA:1,99,1,0
BRDA:1,99,2,0
BRDA:1,100,0,0
BRDA:1,100,1,0
BRDA:1,101,0,0
BRDA:1,101,1,0
BRDA:1,102,0,0
BRDA:1,102,1,0
BRDA:1,103,0,0
BRDA:1,103,1,0
BRDA:1,104,0,0
BRDA:1,104,1,0
BRDA:1,104,2,0
BRDA:1,104,3,0
BRDA:1,104,4,0
BRDA:1,104,5,0
BRDA:1,105,0,0
BRDA:1,105,1,0
BRDA:1,106,0,0
BRDA:1,106,1,0
BRDA:1,107,0,0
BRDA:1,107,1,0
BRDA:1,107,2,0
BRDA:1,108,0,0
BRDA:1,108,1,0
BRDA:1,109,0,0
BRDA:1,109,1,0
BRDA:1,110,0,0
BRDA:1,110,1,0
BRDA:1,110,2,0
BRDA:1,110,3,0
BRDA:1,111,0,0
BRDA:1,111,1,0
BRDA:1,112,0,0
BRDA:1,112,1,0
BRDA:1,113,0,0
BRDA:1,113,1,0
BRDA:1,114,0,0
BRDA:1,114,1,0
BRDA:1,115,0,0
BRDA:1,115,1,0
BRDA:1,116,0,0
BRDA:1,116,1,0
BRDA:1,117,0,0
BRDA:1,117,1,0
BRDA:1,118,0,0
BRDA:1,118,1,0
BRDA:1,119,0,0
BRDA:1,119,1,0
BRDA:1,120,0,0
BRDA:1,120,1,0
BRDA:1,121,0,0
BRDA:1,121,1,0
BRDA:1,122,0,0
BRDA:1,122,1,0
BRDA:1,123,0,0
BRDA:1,123,1,0
BRDA:1,124,0,0
BRDA:1,124,1,0
BRDA:1,125,0,0
BRDA:1,125,1,0
BRDA:1,126,0,0
BRDA:1,126,1,0
BRDA:1,127,0,0
BRDA:1,127,1,0
BRDA:1,128,0,0
BRDA:1,128,1,0
BRDA:1,128,2,0
BRDA:1,129,0,0
BRDA:1,129,1,0
BRDA:1,130,0,0
BRDA:1,130,1,0
BRDA:1,131,0,0
BRDA:1,131,1,0
BRDA:1,132,0,0
BRDA:1,132,1,0
BRDA:1,133,0,0
BRDA:1,133,1,0
BRDA:1,134,0,0
BRDA:1,134,1,0
BRDA:1,135,0,0
BRDA:1,135,1,0
BRDA:1,136,0,0
BRDA:1,136,1,0
BRDA:1,137,0,0
BRDA:1,137,1,0
BRDA:1,138,0,0
BRDA:1,138,1,0
BRDA:1,139,0,0
BRDA:1,139,1,0
BRDA:1,140,0,0
BRDA:1,140,1,0
BRDA:1,141,0,0
BRDA:1,141,1,0
BRDA:1,142,0,0
BRDA:1,142,1,0
BRDA:1,143,0,0
BRDA:1,143,1,0
BRDA:1,144,0,0
BRDA:1,144,1,0
BRDA:1,145,0,0
BRDA:1,145,1,0
BRDA:1,146,0,0
BRDA:1,146,1,0
BRDA:1,147,0,0
BRDA:1,147,1,0
BRDA:1,148,0,0
BRDA:1,148,1,0
BRDA:1,149,0,0
BRDA:1,149,1,0
BRDA:1,149,2,0
BRDA:1,150,0,0
BRDA:1,150,1,0
BRDA:1,151,0,0
BRDA:1,151,1,0
BRDA:1,152,0,0
BRDA:1,152,1,0
BRDA:1,153,0,0
BRDA:1,153,1,0
BRDA:1,154,0,0
BRDA:1,154,1,0
BRDA:1,155,0,0
BRDA:1,155,1,0
BRDA:1,156,0,0
BRDA:1,156,1,0
BRDA:1,157,0,0
BRDA:1,157,1,0
BRDA:1,158,0,0
BRDA:1,158,1,0
BRDA:1,159,0,0
BRDA:1,159,1,0
BRDA:1,160,0,0
BRDA:1,160,1,0
BRDA:1,160,2,0
BRDA:1,161,0,0
BRDA:1,161,1,0
BRDA:1,162,0,0
BRDA:1,162,1,0
BRDA:1,163,0,0
BRDA:1,163,1,0
BRDA:1,164,0,0
BRDA:1,164,1,0
BRDA:1,165,0,0
BRDA:1,165,1,0
BRDA:1,165,2,0
BRDA:1,165,3,0
BRDA:1,165,4,0
BRDA:1,165,5,0
BRDA:1,166,0,0
BRDA:1,166,1,0
BRDA:1,167,0,0
BRDA:1,167,1,0
BRDA:1,168,0,0
BRDA:1,168,1,0
BRDA:1,168,2,0
BRDA:1,169,0,0
BRDA:1,169,1,0
BRDA:1,170,0,0
BRDA:1,170,1,0
BRDA:1,171,0,0
BRDA:1,171,1,0
BRDA:1,171,2,0
BRDA:1,171,3,0
BRDA:1,172,0,0
BRDA:1,172,1,0
BRDA:1,173,0,0
BRDA:1,173,1,0
BRDA:1,174,0,0
BRDA:1,174,1,0
BRDA:1,175,0,0
BRDA:1,175,1,0
BRDA:1,176,0,0
BRDA:1,176,1,0
BRDA:1,177,0,0
BRDA:1,177,1,0
BRDA:1,178,0,0
BRDA:1,178,1,0
BRDA:1,179,0,0
BRDA:1,179,1,0
BRDA:1,180,0,0
BRDA:1,180,1,0
BRDA:1,181,0,0
BRDA:1,181,1,0
BRDA:1,182,0,0
BRDA:1,182,1,0
BRDA:1,183,0,0
BRDA:1,183,1,0
BRDA:1,184,0,0
BRDA:1,184,1,0
BRDA:1,185,0,0
BRDA:1,185,1,0
BRDA:1,186,0,0
BRDA:1,186,1,0
BRDA:1,187,0,0
BRDA:1,187,1,0
BRDA:1,188,0,0
BRDA:1,188,1,0
BRDA:1,189,0,0
BRDA:1,189,1,0
BRDA:1,190,0,0
BRDA:1,190,1,0
BRDA:1,191,0,0
BRDA:1,191,1,0
BRDA:1,191,2,0
BRDA:1,192,0,0
BRDA:1,192,1,0
BRDA:1,193,0,0
BRDA:1,193,1,0
BRDA:1,194,0,0
BRDA:1,194,1,0
BRDA:1,195,0,0
BRDA:1,195,1,0
BRDA:1,196,0,0
BRDA:1,196,1,0
BRDA:1,196,2,0
BRDA:1,196,3,0
BRDA:1,196,4,0
BRDA:1,196,5,0
BRDA:1,197,0,0
BRDA:1,197,1,0
BRDA:1,198,0,0
BRDA:1,198,1,0
BRDA:1,199,0,0
BRDA:1,199,1,0
BRDA:1,199,2,0
BRDA:1,200,0,0
BRDA:1,200,1,0
BRDA:1,201,0,0
BRDA:1,201,1,0
BRDA:1,202,0,0
BRDA:1,202,1,0
BRDA:1,202,2,0
BRDA:1,202,3,0
BRDA:1,203,0,0
BRDA:1,203,1,0
BRDA:1,204,0,0
BRDA:1,204,1,0
BRDA:1,205,0,0
BRDA:1,205,1,0
BRDA:1,206,0,0
BRDA:1,206,1,0
BRDA:1,207,0,0
BRDA:1,207,1,0
BRDA:1,208,0,0
BRDA:1,208,1,0
BRDA:1,209,0,0
BRDA:1,209,1,0
BRDA:1,210,0,0
BRDA:1,210,1,0
BRDA:1,211,0,0
BRDA:1,211,1,0
BRDA:1,212,0,0
BRDA:1,212,1,0
BRDA:1,212,2,0
BRDA:1,213,0,0
BRDA:1,213,1,0
BRDA:1,213,2,0
BRDA:1,213,3,0
BRDA:1,214,0,0
BRDA:1,214,1,0
BRDA:1,215,0,0
BRDA:1,215,1,0
BRDA:1,216,0,0
BRDA:1,216,1,0
BRDA:1,217,0,0
BRDA:1,217,1,0
BRDA:1,218,0,0
BRDA:1,218,1,0
BRDA:1,219,0,0
BRDA:1,219,1,0
BRDA:1,219,2,0
BRDA:1,220,0,0
BRDA:1,220,1,0
BRDA:1,220,2,0
BRDA:1,220,3,0
BRDA:1,221,0,0
BRDA:1,221,1,0
BRDA:1,221,2,0
BRDA:1,221,3,0
BRDA:1,221,4,0
BRDA:1,221,5,0
BRDA:1,222,0,0
BRDA:1,222,1,0
BRDA:1,223,0,0
BRDA:1,223,1,0
BRDA:1,224,0,0
BRDA:1,224,1,0
BRDA:1,225,0,0
BRDA:1,225,1,0
BRDA:1,226,0,0
BRDA:1,226,1,0
BRDA:1,227,0,0
BRDA:1,227,1,0
BRDA:1,228,0,0
BRDA:1,228,1,0
BRDA:1,229,0,0
BRDA:1,229,1,0
BRDA:1,230,0,0
BRDA:1,230,1,0
BRDA:1,231,0,0
BRDA:1,231,1,0
BRDA:1,232,0,0
BRDA:1,232,1,0
BRDA:1,233,0,0
BRDA:1,233,1,0
BRDA:1,234,0,0
BRDA:1,234,1,0
BRDA:1,235,0,0
BRDA:1,235,1,0
BRDA:1,236,0,0
BRDA:1,236,1,0
BRDA:1,237,0,0
BRDA:1,237,1,0
BRDA:1,238,0,0
BRDA:1,238,1,0
BRDA:1,239,0,0
BRDA:1,239,1,0
BRDA:1,240,0,0
BRDA:1,240,1,0
BRDA:1,240,2,0
BRDA:1,240,3,0
BRDA:1,241,0,0
BRDA:1,241,1,0
BRDA:1,242,0,0
BRDA:1,242,1,0
BRDA:1,243,0,0
BRDA:1,243,1,0
BRDA:1,244,0,0
BRDA:1,244,1,0
BRDA:1,245,0,0
BRDA:1,245,1,0
BRDA:1,246,0,0
BRDA:1,246,1,0
BRDA:1,247,0,0
BRDA:1,247,1,0
BRDA:1,248,0,0
BRDA:1,248,1,0
BRDA:1,249,0,0
BRDA:1,249,1,0
BRDA:1,250,0,0
BRDA:1,250,1,0
BRDA:1,251,0,0
BRDA:1,251,1,0
BRDA:1,252,0,0
BRDA:1,252,1,0
BRDA:1,253,0,0
BRDA:1,253,1,0
BRDA:1,253,2,0
BRDA:1,254,0,0
BRDA:1,254,1,0
BRDA:1,255,0,0
BRDA:1,255,1,0
BRDA:1,256,0,0
BRDA:1,256,1,0
BRDA:1,257,0,0
BRDA:1,257,1,0
BRDA:1,258,0,0
BRDA:1,258,1,0
BRDA:1,258,2,0
BRDA:1,258,3,0
BRDA:1,258,4,0
BRDA:1,258,5,0
BRDA:1,259,0,0
BRDA:1,259,1,0
BRDA:1,260,0,0
BRDA:1,260,1,0
BRDA:1,261,0,0
BRDA:1,261,1,0
BRDA:1,261,2,0
BRDA:1,262,0,0
BRDA:1,262,1,0
BRDA:1,263,0,0
BRDA:1,263,1,0
BRDA:1,264,0,0
BRDA:1,264,1,0
BRDA:1,264,2,0
BRDA:1,264,3,0
BRDA:1,265,0,0
BRDA:1,265,1,0
BRDA:1,266,0,0
BRDA:1,266,1,0
BRDA:1,267,0,0
BRDA:1,267,1,0
BRDA:1,268,0,0
BRDA:1,268,1,0
BRDA:1,269,0,0
BRDA:1,269,1,0
BRDA:1,270,0,0
BRDA:1,270,1,0
BRDA:1,271,0,0
BRDA:1,271,1,0
BRDA:1,272,0,0
BRDA:1,272,1,0
BRDA:1,272,2,0
BRDA:1,273,0,0
BRDA:1,273,1,0
BRDA:1,273,2,0
BRDA:1,273,3,0
BRDA:1,273,4,0
BRDA:1,273,5,0
BRDA:1,273,6,0
BRDA:1,274,0,0
BRDA:1,274,1,0
BRDA:1,275,0,0
BRDA:1,275,1,0
BRDA:1,276,0,0
BRDA:1,276,1,0
BRDA:1,277,0,0
BRDA:1,277,1,0
BRDA:1,277,2,0
BRDA:1,277,3,0
BRDA:1,278,0,0
BRDA:1,278,1,0
BRDA:1,278,2,0
BRDA:1,279,0,0
BRDA:1,279,1,0
BRDA:1,280,0,0
BRDA:1,280,1,0
BRDA:1,281,0,0
BRDA:1,281,1,0
BRDA:1,282,0,0
BRDA:1,282,1,0
BRDA:1,283,0,0
BRDA:1,283,1,0
BRDA:1,284,0,0
BRDA:1,284,1,0
BRDA:1,285,0,0
BRDA:1,285,1,0
BRDA:1,286,0,0
BRDA:1,286,1,0
BRDA:1,287,0,0
BRDA:1,287,1,0
BRDA:1,287,2,0
BRDA:1,287,3,0
BRDA:1,288,0,0
BRDA:1,288,1,0
BRDA:1,289,0,0
BRDA:1,289,1,0
BRDA:1,289,2,0
BRDA:1,289,3,0
BRDA:1,290,0,0
BRDA:1,290,1,0
BRDA:1,291,0,0
BRDA:1,291,1,0
BRDA:1,292,0,0
BRDA:1,292,1,0
BRDA:1,293,0,0
BRDA:1,293,1,0
BRDA:1,294,0,0
BRDA:1,294,1,0
BRDA:1,295,0,0
BRDA:1,295,1,0
BRDA:1,296,0,0
BRDA:1,296,1,0
BRDA:1,297,0,0
BRDA:1,297,1,0
BRDA:1,298,0,0
BRDA:1,298,1,0
BRDA:1,299,0,0
BRDA:1,299,1,0
BRDA:1,300,0,0
BRDA:1,300,1,0
BRDA:1,300,2,0
BRDA:1,301,0,0
BRDA:1,301,1,0
BRDA:1,302,0,0
BRDA:1,302,1,0
BRDA:1,303,0,0
BRDA:1,303,1,0
BRDA:1,304,0,0
BRDA:1,304,1,0
BRDA:1,305,0,0
BRDA:1,305,1,0
BRDA:1,305,2,0
BRDA:1,305,3,0
BRDA:1,305,4,0
BRDA:1,305,5,0
BRDA:1,306,0,0
BRDA:1,306,1,0
BRDA:1,307,0,0
BRDA:1,307,1,0
BRDA:1,308,0,0
BRDA:1,308,1,0
BRDA:1,308,2,0
BRDA:1,309,0,0
BRDA:1,309,1,0
BRDA:1,310,0,0
BRDA:1,310,1,0
BRDA:1,311,0,0
BRDA:1,311,1,0
BRDA:1,311,2,0
BRDA:1,311,3,0
BRDA:1,312,0,0
BRDA:1,312,1,0
BRDA:1,313,0,0
BRDA:1,313,1,0
BRDA:1,314,0,0
BRDA:1,314,1,0
BRDA:1,315,0,0
BRDA:1,315,1,0
BRDA:1,316,0,0
BRDA:1,316,1,0
BRDA:1,317,0,0
BRDA:1,317,1,0
BRDA:1,318,0,0
BRDA:1,318,1,0
BRDA:1,319,0,0
BRDA:1,319,1,0
BRDA:1,319,2,0
BRDA:1,320,0,0
BRDA:1,320,1,0
BRDA:1,321,0,0
BRDA:1,321,1,0
BRDA:1,322,0,0
BRDA:1,322,1,0
BRDA:1,323,0,0
BRDA:1,323,1,0
BRDA:1,324,0,0
BRDA:1,324,1,0
BRDA:1,325,0,0
BRDA:1,325,1,0
BRDA:1,325,2,0
BRDA:1,325,3,0
BRDA:1,326,0,0
BRDA:1,326,1,0
BRDA:1,327,0,0
BRDA:1,327,1,0
BRDA:1,328,0,0
BRDA:1,328,1,0
BRDA:1,329,0,0
BRDA:1,329,1,0
BRDA:1,330,0,0
BRDA:1,330,1,0
BRDA:1,331,0,0
BRDA:1,331,1,0
BRDA:1,332,0,0
BRDA:1,332,1,0
BRDA:1,333,0,0
BRDA:1,333,1,0
BRDA:1,334,0,0
BRDA:1,334,1,0
BRDA:1,335,0,0
BRDA:1,335,1,0
BRDA:1,336,0,0
BRDA:1,336,1,0
BRDA:1,337,0,0
BRDA:1,337,1,0
BRDA:1,338,0,0
BRDA:1,338,1,0
BRDA:1,338,2,0
BRDA:1,339,0,0
BRDA:1,339,1,0
BRDA:1,339,2,0
BRDA:1,339,3,0
BRDA:1,340,0,0
BRDA:1,340,1,0
BRDA:1,341,0,0
BRDA:1,341,1,0
BRDA:1,342,0,0
BRDA:1,342,1,0
BRDA:1,343,0,0
BRDA:1,343,1,0
BRDA:1,344,0,0
BRDA:1,344,1,0
BRDA:1,345,0,0
BRDA:1,345,1,0
BRDA:1,346,0,0
BRDA:1,346,1,0
BRDA:1,347,0,0
BRDA:1,347,1,0
BRDA:1,348,0,0
BRDA:1,348,1,0
BRDA:1,349,0,0
BRDA:1,349,1,0
BRDA:1,350,0,0
BRDA:1,350,1,0
BRDA:1,351,0,0
BRDA:1,351,1,0
BRDA:1,352,0,0
BRDA:1,352,1,0
BRDA:1,353,0,0
BRDA:1,353,1,0
BRDA:1,354,0,0
BRDA:1,354,1,0
BRDA:1,355,0,0
BRDA:1,355,1,0
BRDA:1,356,0,0
BRDA:1,356,1,0
BRDA:1,356,2,0
BRDA:1,357,0,0
BRDA:1,357,1,0
BRDA:1,358,0,0
BRDA:1,358,1,0
BRDA:1,359,0,0
BRDA:1,359,1,0
BRDA:1,360,0,0
BRDA:1,360,1,0
BRDA:1,361,0,0
BRDA:1,361,1,0
BRDA:1,361,2,0
BRDA:1,361,3,0
BRDA:1,361,4,0
BRDA:1,361,5,0
BRDA:1,362,0,0
BRDA:1,362,1,0
BRDA:1,363,0,0
BRDA:1,363,1,0
BRDA:1,364,0,0
BRDA:1,364,1,0
BRDA:1,364,2,0
BRDA:1,365,0,0
BRDA:1,365,1,0
BRDA:1,366,0,0
BRDA:1,366,1,0
BRDA:1,367,0,0
BRDA:1,367,1,0
BRDA:1,367,2,0
BRDA:1,367,3,0
BRDA:1,368,0,0
BRDA:1,368,1,0
BRDA:1,369,0,0
BRDA:1,369,1,0
BRDA:1,370,0,0
BRDA:1,370,1,0
BRDA:1,371,0,0
BRDA:1,371,1,0
BRDA:1,372,0,0
BRDA:1,372,1,0
BRDA:1,373,0,0
BRDA:1,373,1,0
BRDA:1,374,0,0
BRDA:1,374,1,0
BRDA:1,375,0,0
BRDA:1,375,1,0
BRDA:1,376,0,0
BRDA:1,376,1,0
BRDA:1,377,0,0
BRDA:1,377,1,0
BRDA:1,377,2,0
BRDA:1,378,0,0
BRDA:1,378,1,0
BRDA:1,378,2,0
BRDA:1,378,3,0
BRDA:1,379,0,0
BRDA:1,379,1,0
BRDA:1,380,0,0
BRDA:1,380,1,0
BRDA:1,381,0,0
BRDA:1,381,1,0
BRDA:1,382,0,0
BRDA:1,382,1,0
BRDA:1,383,0,0
BRDA:1,383,1,0
BRDA:1,384,0,0
BRDA:1,384,1,0
BRDA:1,385,0,0
BRDA:1,385,1,0
BRDA:1,386,0,0
BRDA:1,386,1,0
BRDA:1,387,0,0
BRDA:1,387,1,0
BRDA:1,388,0,0
BRDA:1,388,1,0
BRDA:1,389,0,0
BRDA:1,389,1,0
BRDA:1,390,0,0
BRDA:1,390,1,0
BRDA:1,391,0,0
BRDA:1,391,1,0
BRDA:1,392,0,0
BRDA:1,392,1,0
BRDA:1,393,0,0
BRDA:1,393,1,0
BRDA:1,394,0,0
BRDA:1,394,1,0
BRDA:1,395,0,0
BRDA:1,395,1,0
BRDA:1,396,0,0
BRDA:1,396,1,0
BRDA:1,397,0,0
BRDA:1,397,1,0
BRDA:1,398,0,0
BRDA:1,398,1,0
BRDA:1,399,0,0
BRDA:1,399,1,0
BRDA:1,400,0,0
BRDA:1,400,1,0
BRDA:1,401,0,0
BRDA:1,401,1,0
BRDA:1,402,0,0
BRDA:1,402,1,0
BRDA:1,403,0,0
BRDA:1,403,1,0
BRDA:1,404,0,0
BRDA:1,404,1,0
BRDA:1,405,0,0
BRDA:1,405,1,0
BRDA:1,406,0,0
BRDA:1,406,1,0
BRDA:1,407,0,0
BRDA:1,407,1,0
BRDA:1,408,0,0
BRDA:1,408,1,0
BRDA:1,409,0,0
BRDA:1,409,1,0
BRDA:1,410,0,0
BRDA:1,410,1,0
BRDA:1,411,0,0
BRDA:1,411,1,0
BRDA:1,412,0,0
BRDA:1,412,1,0
BRDA:1,413,0,0
BRDA:1,413,1,0
BRDA:1,414,0,0
BRDA:1,414,1,0
BRDA:1,415,0,0
BRDA:1,415,1,0
BRDA:1,415,2,0
BRDA:1,416,0,0
BRDA:1,416,1,0
BRDA:1,417,0,0
BRDA:1,417,1,0
BRDA:1,418,0,0
BRDA:1,418,1,0
BRDA:1,418,2,0
BRDA:1,419,0,0
BRDA:1,419,1,0
BRDA:1,420,0,0
BRDA:1,420,1,0
BRDA:1,421,0,0
BRDA:1,421,1,0
BRDA:1,421,2,0
BRDA:1,422,0,0
BRDA:1,422,1,0
BRDA:1,422,2,0
BRDA:1,422,3,0
BRDA:1,423,0,0
BRDA:1,423,1,0
BRDA:1,424,0,0
BRDA:1,424,1,0
BRDA:1,425,0,0
BRDA:1,425,1,0
BRDA:1,426,0,0
BRDA:1,426,1,0
BRDA:1,426,2,0
BRDA:1,426,3,0
BRDA:1,427,0,0
BRDA:1,427,1,0
BRDA:1,428,0,0
BRDA:1,428,1,0
BRDA:1,429,0,0
BRDA:1,429,1,0
BRDA:1,430,0,0
BRDA:1,430,1,0
BRDA:1,431,0,0
BRDA:1,431,1,0
BRDA:1,432,0,0
BRDA:1,432,1,0
BRDA:1,433,0,0
BRDA:1,433,1,0
BRDA:1,434,0,0
BRDA:1,434,1,0
BRDA:1,435,0,0
BRDA:1,435,1,0
BRDA:1,436,0,0
BRDA:1,436,1,0
BRDA:1,437,0,0
BRDA:1,437,1,0
BRDA:1,438,0,0
BRDA:1,438,1,0
BRDA:1,439,0,0
BRDA:1,439,1,0
BRDA:1,440,0,0
BRDA:1,440,1,0
BRDA:1,441,0,0
BRDA:1,441,1,0
BRDA:1,442,0,0
BRDA:1,442,1,0
BRDA:1,443,0,0
BRDA:1,443,1,0
BRDA:1,444,0,0
BRDA:1,444,1,0
BRDA:1,445,0,0
BRDA:1,445,1,0
BRDA:1,446,0,0
BRDA:1,446,1,0
BRDA:1,447,0,0
BRDA:1,447,1,0
BRDA:1,448,0,0
BRDA:1,448,1,0
BRDA:1,448,2,0
BRDA:1,449,0,0
BRDA:1,449,1,0
BRDA:1,450,0,0
BRDA:1,450,1,0
BRDA:1,451,0,0
BRDA:1,451,1,0
BRDA:1,452,0,0
BRDA:1,452,1,0
BRDA:1,453,0,0
BRDA:1,453,1,0
BRDA:1,453,2,0
BRDA:1,453,3,0
BRDA:1,453,4,0
BRDA:1,453,5,0
BRDA:1,454,0,0
BRDA:1,454,1,0
BRDA:1,455,0,0
BRDA:1,455,1,0
BRDA:1,456,0,0
BRDA:1,456,1,0
BRDA:1,456,2,0
BRDA:1,457,0,0
BRDA:1,457,1,0
BRDA:1,458,0,0
BRDA:1,458,1,0
BRDA:1,459,0,0
BRDA:1,459,1,0
BRDA:1,459,2,0
BRDA:1,459,3,0
BRDA:1,460,0,0
BRDA:1,460,1,0
BRDA:1,461,0,0
BRDA:1,461,1,0
BRDA:1,462,0,0
BRDA:1,462,1,0
BRDA:1,463,0,0
BRDA:1,463,1,0
BRDA:1,464,0,0
BRDA:1,464,1,0
BRDA:1,465,0,0
BRDA:1,465,1,0
BRDA:1,466,0,0
BRDA:1,466,1,0
BRDA:1,467,0,0
BRDA:1,467,1,0
BRDA:1,467,2,0
BRDA:1,467,3,0
BRDA:1,468,0,0
BRDA:1,468,1,0
BRDA:1,469,0,0
BRDA:1,469,1,0
BRDA:1,470,0,0
BRDA:1,470,1,0
BRDA:1,471,0,0
BRDA:1,471,1,0
BRDA:1,472,0,0
BRDA:1,472,1,0
BRDA:1,473,0,0
BRDA:1,473,1,0
BRDA:1,474,0,0
BRDA:1,474,1,0
BRDA:1,475,0,0
BRDA:1,475,1,0
BRDA:1,476,0,0
BRDA:1,476,1,0
BRDA:1,477,0,0
BRDA:1,477,1,0
BRDA:1,478,0,0
BRDA:1,478,1,0
BRDA:1,479,0,0
BRDA:1,479,1,0
BRDA:1,480,0,0
BRDA:1,480,1,0
BRF:1075
BRH:0
end_of_record
TN:
SF:/Users/song/GradutionProject/edu-graph-vue3/dist/js/chunk-3cf33690.cf56ffef.js
FN:1,(anonymous_0)
FN:1,(anonymous_1)
FN:1,s
FN:1,(anonymous_3)
FN:1,(anonymous_4)
FN:1,(anonymous_5)
FN:1,(anonymous_6)
FN:1,(anonymous_7)
FN:1,(anonymous_8)
FN:1,(anonymous_9)
FN:1,(anonymous_10)
FN:1,(anonymous_11)
FN:1,(anonymous_12)
FN:1,(anonymous_13)
FN:1,(anonymous_14)
FN:1,(anonymous_15)
FN:1,(anonymous_16)
FN:1,(anonymous_17)
FN:1,(anonymous_18)
FN:1,(anonymous_19)
FN:1,(anonymous_20)
FN:1,(anonymous_21)
FN:1,(anonymous_22)
FN:1,(anonymous_23)
FN:1,(anonymous_24)
FN:1,(anonymous_25)
FN:1,(anonymous_26)
FN:1,(anonymous_27)
FN:1,(anonymous_28)
FN:1,(anonymous_29)
FN:1,e
FN:1,(anonymous_31)
FN:1,(anonymous_32)
FN:1,(anonymous_33)
FN:1,(anonymous_34)
FN:1,(anonymous_35)
FNF:36
FNH:0
FNDA:0,(anonymous_0)
FNDA:0,(anonymous_1)
FNDA:0,s
FNDA:0,(anonymous_3)
FNDA:0,(anonymous_4)
FNDA:0,(anonymous_5)
FNDA:0,(anonymous_6)
FNDA:0,(anonymous_7)
FNDA:0,(anonymous_8)
FNDA:0,(anonymous_9)
FNDA:0,(anonymous_10)
FNDA:0,(anonymous_11)
FNDA:0,(anonymous_12)
FNDA:0,(anonymous_13)
FNDA:0,(anonymous_14)
FNDA:0,(anonymous_15)
FNDA:0,(anonymous_16)
FNDA:0,(anonymous_17)
FNDA:0,(anonymous_18)
FNDA:0,(anonymous_19)
FNDA:0,(anonymous_20)
FNDA:0,(anonymous_21)
FNDA:0,(anonymous_22)
FNDA:0,(anonymous_23)
FNDA:0,(anonymous_24)
FNDA:0,(anonymous_25)
FNDA:0,(anonymous_26)
FNDA:0,(anonymous_27)
FNDA:0,(anonymous_28)
FNDA:0,(anonymous_29)
FNDA:0,e
FNDA:0,(anonymous_31)
FNDA:0,(anonymous_32)
FNDA:0,(anonymous_33)
FNDA:0,(anonymous_34)
FNDA:0,(anonymous_35)
DA:1,0
LF:1
LH:0
BRDA:1,0,0,0
BRDA:1,0,1,0
BRDA:1,1,0,0
BRDA:1,1,1,0
BRDA:1,2,0,0
BRDA:1,2,1,0
BRDA:1,3,0,0
BRDA:1,3,1,0
BRDA:1,4,0,0
BRDA:1,4,1,0
BRDA:1,5,0,0
BRDA:1,5,1,0
BRDA:1,6,0,0
BRDA:1,6,1,0
BRDA:1,7,0,0
BRDA:1,7,1,0
BRDA:1,8,0,0
BRDA:1,8,1,0
BRDA:1,9,0,0
BRDA:1,9,1,0
BRDA:1,10,0,0
BRDA:1,10,1,0
BRDA:1,11,0,0
BRDA:1,11,1,0
BRDA:1,11,2,0
BRDA:1,11,3,0
BRDA:1,12,0,0
BRDA:1,12,1,0
BRF:28
BRH:0
end_of_record
TN:
SF:/Users/song/GradutionProject/edu-graph-vue3/dist/js/chunk-3f903cae.26858e5c.js
FN:1,(anonymous_0)
FN:1,(anonymous_1)
FN:1,(anonymous_2)
FN:1,(anonymous_3)
FN:1,(anonymous_4)
FN:1,(anonymous_5)
FN:1,(anonymous_6)
FN:1,(anonymous_7)
FN:1,(anonymous_8)
FN:1,(anonymous_9)
FN:1,(anonymous_10)
FN:1,(anonymous_11)
FN:1,(anonymous_12)
FN:1,(anonymous_13)
FN:1,i
FN:1,(anonymous_15)
FN:1,(anonymous_16)
FN:1,(anonymous_17)
FN:1,(anonymous_18)
FN:1,(anonymous_19)
FN:1,(anonymous_20)
FN:1,(anonymous_21)
FN:1,(anonymous_22)
FN:1,(anonymous_23)
FN:1,(anonymous_24)
FN:1,(anonymous_25)
FN:1,t
FN:1,(anonymous_27)
FN:1,(anonymous_28)
FN:1,(anonymous_29)
FN:1,t
FN:1,(anonymous_31)
FN:1,(anonymous_32)
FN:1,t
FN:1,(anonymous_34)
FN:1,(anonymous_35)
FN:1,(anonymous_36)
FN:1,(anonymous_37)
FN:1,(anonymous_38)
FN:1,(anonymous_39)
FN:1,(anonymous_40)
FN:1,(anonymous_41)
FN:1,(anonymous_42)
FN:1,(anonymous_43)
FN:1,(anonymous_44)
FN:1,(anonymous_45)
FN:1,(anonymous_46)
FN:1,(anonymous_47)
FN:1,(anonymous_48)
FN:1,(anonymous_49)
FN:1,(anonymous_50)
FN:1,(anonymous_51)
FN:1,(anonymous_52)
FN:1,(anonymous_53)
FN:1,(anonymous_54)
FN:1,(anonymous_55)
FN:1,(anonymous_56)
FN:1,(anonymous_57)
FN:1,(anonymous_58)
FN:1,(anonymous_59)
FN:1,(anonymous_60)
FN:1,(anonymous_61)
FN:1,(anonymous_62)
FN:1,(anonymous_63)
FN:1,(anonymous_64)
FN:1,(anonymous_65)
FN:1,(anonymous_66)
FN:1,(anonymous_67)
FN:1,(anonymous_68)
FN:1,(anonymous_69)
FN:1,(anonymous_70)
FN:1,(anonymous_71)
FN:1,(anonymous_72)
FN:1,(anonymous_73)
FN:1,(anonymous_74)
FN:1,(anonymous_75)
FN:1,u
FN:1,(anonymous_77)
FN:1,d
FN:1,f
FN:1,m
FN:1,v
FN:1,y
FN:1,b
FN:1,w
FN:1,O
FN:1,k
FN:1,x
FN:1,S
FN:1,M
FN:1,C
FN:1,E
FN:1,T
FN:1,N
FN:1,j
FN:1,A
FN:1,I
FN:1,D
FN:1,R
FN:1,_
FN:1,P
FN:1,(anonymous_101)
FN:1,(anonymous_102)
FN:1,at
FN:1,o
FN:1,(anonymous_105)
FN:1,(anonymous_106)
FN:1,(anonymous_107)
FN:1,ct
FN:1,(anonymous_109)
FN:1,(anonymous_110)
FN:1,lt
FN:1,(anonymous_112)
FN:1,(anonymous_113)
FN:1,(anonymous_114)
FN:1,pt
FN:1,(anonymous_116)
FN:1,(anonymous_117)
FN:1,ht
FN:1,(anonymous_119)
FN:1,dt
FN:1,(anonymous_121)
FN:1,(anonymous_122)
FN:1,(anonymous_123)
FN:1,(anonymous_124)
FN:1,(anonymous_125)
FN:1,(anonymous_126)
FN:1,(anonymous_127)
FN:1,(anonymous_128)
FN:1,l
FN:1,(anonymous_130)
FN:1,(anonymous_131)
FN:1,p
FN:1,(anonymous_133)
FN:1,(anonymous_134)
FN:1,mt
FN:1,(anonymous_136)
FN:1,(anonymous_137)
FN:1,(anonymous_138)
FN:1,(anonymous_139)
FN:1,gt
FN:1,yt
FN:1,bt
FN:1,wt
FN:1,Ot
FN:1,Et
FN:1,Tt
FN:1,Nt
FN:1,At
FN:1,(anonymous_149)
FN:1,(anonymous_150)
FN:1,It
FN:1,(anonymous_152)
FN:1,(anonymous_153)
FN:1,(anonymous_154)
FN:1,(anonymous_155)
FN:1,Rt
FN:1,_t
FN:1,(anonymous_158)
FN:1,Bt
FN:1,(anonymous_160)
FN:1,Vt
FN:1,(anonymous_162)
FN:1,$t
FN:1,Ft
FN:1,Ht
FN:1,qt
FN:1,Jt
FN:1,Wt
FN:1,Kt
FN:1,(anonymous_170)
FN:1,Ut
FN:1,(anonymous_172)
FN:1,Gt
FN:1,Yt
FN:1,Xt
FN:1,(anonymous_176)
FN:1,Qt
FN:1,(anonymous_178)
FN:1,Zt
FN:1,(anonymous_180)
FN:1,(anonymous_181)
FN:1,(anonymous_182)
FN:1,(anonymous_183)
FN:1,te
FN:1,ee
FN:1,(anonymous_186)
FN:1,(anonymous_187)
FN:1,(anonymous_188)
FN:1,(anonymous_189)
FN:1,(anonymous_190)
FN:1,re
FN:1,oe
FN:1,ie
FN:1,(anonymous_194)
FN:1,ce
FN:1,le
FN:1,ue
FN:1,he
FN:1,(anonymous_199)
FN:1,de
FN:1,xe
FN:1,Se
FN:1,Me
FN:1,Ce
FN:1,(anonymous_205)
FN:1,(anonymous_206)
FN:1,Ee
FN:1,Te
FN:1,Ne
FN:1,je
FN:1,(anonymous_211)
FN:1,Ae
FN:1,Ie
FN:1,De
FN:1,(anonymous_215)
FN:1,Re
FN:1,_e
FN:1,(anonymous_218)
FN:1,Pe
FN:1,ze
FN:1,Be
FN:1,Le
FN:1,Ve
FN:1,(anonymous_224)
FN:1,$e
FN:1,(anonymous_226)
FN:1,Fe
FN:1,He
FN:1,(anonymous_229)
FN:1,qe
FN:1,(anonymous_231)
FN:1,Ke
FN:1,Ue
FN:1,Ge
FN:1,Ye
FN:1,(anonymous_236)
FN:1,(anonymous_237)
FN:1,(anonymous_238)
FN:1,(anonymous_239)
FN:1,(anonymous_240)
FN:1,(anonymous_241)
FN:1,(anonymous_242)
FN:1,(anonymous_243)
FN:1,(anonymous_244)
FN:1,(anonymous_245)
FN:1,(anonymous_246)
FN:1,(anonymous_247)
FN:1,(anonymous_248)
FN:1,(anonymous_249)
FN:1,(anonymous_250)
FN:1,sn
FN:1,(anonymous_252)
FN:1,an
FN:1,(anonymous_254)
FN:1,cn
FN:1,(anonymous_256)
FN:1,pn
FN:1,un
FN:1,hn
FN:1,dn
FN:1,(anonymous_261)
FN:1,(anonymous_262)
FN:1,(anonymous_263)
FN:1,fn
FN:1,o
FN:1,yn
FN:1,(anonymous_267)
FN:1,(anonymous_268)
FN:1,(anonymous_269)
FN:1,C
FN:1,E
FN:1,T
FN:1,N
FN:1,j
FN:1,A
FN:1,I
FN:1,D
FN:1,R
FN:1,(anonymous_279)
FN:1,_
FN:1,(anonymous_281)
FN:1,P
FN:1,(anonymous_283)
FN:1,z
FN:1,(anonymous_285)
FN:1,B
FN:1,(anonymous_287)
FN:1,L
FN:1,V
FN:1,$
FN:1,F
FN:1,H
FN:1,(anonymous_293)
FN:1,q
FN:1,J
FN:1,r
FN:1,W
FN:1,(anonymous_298)
FN:1,K
FN:1,(anonymous_300)
FN:1,U
FN:1,(anonymous_302)
FN:1,G
FN:1,(anonymous_304)
FN:1,Y
FN:1,(anonymous_306)
FN:1,X
FN:1,Q
FN:1,Z
FN:1,tt
FN:1,(anonymous_311)
FN:1,(anonymous_312)
FN:1,et
FN:1,nt
FN:1,rt
FN:1,ot
FN:1,(anonymous_317)
FN:1,it
FN:1,(anonymous_319)
FN:1,(anonymous_320)
FN:1,st
FN:1,at
FN:1,ct
FN:1,lt
FN:1,(anonymous_325)
FN:1,(anonymous_326)
FN:1,pt
FN:1,ut
FN:1,(anonymous_329)
FN:1,(anonymous_330)
FN:1,ht
FN:1,dt
FN:1,ft
FN:1,(anonymous_334)
FN:1,(anonymous_335)
FN:1,mt
FN:1,bn
FN:1,(anonymous_338)
FN:1,(anonymous_339)
FN:1,On
FN:1,(anonymous_341)
FN:1,(anonymous_342)
FN:1,(anonymous_343)
FN:1,(anonymous_344)
FN:1,(anonymous_345)
FN:1,(anonymous_346)
FN:1,(anonymous_347)
FN:1,(anonymous_348)
FN:1,(anonymous_349)
FN:1,(anonymous_350)
FN:1,(anonymous_351)
FN:1,(anonymous_352)
FN:1,(anonymous_353)
FN:1,Sn
FN:1,Mn
FN:1,(anonymous_356)
FN:1,(anonymous_357)
FN:1,(anonymous_358)
FN:1,(anonymous_359)
FN:1,(anonymous_360)
FN:1,(anonymous_361)
FN:1,(anonymous_362)
FN:1,(anonymous_363)
FN:1,(anonymous_364)
FN:1,(anonymous_365)
FN:1,(anonymous_366)
FN:1,(anonymous_367)
FN:1,(anonymous_368)
FN:1,(anonymous_369)
FN:1,(anonymous_370)
FN:1,(anonymous_371)
FN:1,(anonymous_372)
FN:1,(anonymous_373)
FN:1,(anonymous_374)
FN:1,(anonymous_375)
FN:1,(anonymous_376)
FN:1,(anonymous_377)
FN:1,(anonymous_378)
FN:1,(anonymous_379)
FN:1,(anonymous_380)
FN:1,(anonymous_381)
FN:1,(anonymous_382)
FN:1,(anonymous_383)
FN:1,Nn
FN:1,jn
FN:1,(anonymous_386)
FN:1,In
FN:1,(anonymous_388)
FN:1,(anonymous_389)
FN:1,(anonymous_390)
FN:1,(anonymous_391)
FN:1,(anonymous_392)
FN:1,(anonymous_393)
FN:1,(anonymous_394)
FN:1,(anonymous_395)
FN:1,(anonymous_396)
FN:1,(anonymous_397)
FN:1,_n
FN:1,Pn
FN:1,zn
FN:1,Bn
FN:1,Ln
FN:1,Vn
FN:1,$n
FN:1,Fn
FN:1,Hn
FN:1,qn
FN:1,Jn
FN:1,Wn
FN:1,(anonymous_410)
FN:1,(anonymous_411)
FN:1,(anonymous_412)
FN:1,(anonymous_413)
FN:1,(anonymous_414)
FN:1,(anonymous_415)
FN:1,(anonymous_416)
FN:1,(anonymous_417)
FN:1,(anonymous_418)
FN:1,(anonymous_419)
FN:1,(anonymous_420)
FN:1,(anonymous_421)
FN:1,(anonymous_422)
FN:1,(anonymous_423)
FN:1,(anonymous_424)
FN:1,(anonymous_425)
FN:1,(anonymous_426)
FN:1,(anonymous_427)
FN:1,(anonymous_428)
FN:1,(anonymous_429)
FN:1,(anonymous_430)
FN:1,(anonymous_431)
FN:1,(anonymous_432)
FN:1,(anonymous_433)
FN:1,(anonymous_434)
FN:1,(anonymous_435)
FN:1,(anonymous_436)
FN:1,(anonymous_437)
FN:1,(anonymous_438)
FN:1,(anonymous_439)
FN:1,(anonymous_440)
FN:1,(anonymous_441)
FN:1,(anonymous_442)
FN:1,(anonymous_443)
FN:1,(anonymous_444)
FN:1,(anonymous_445)
FN:1,(anonymous_446)
FN:1,(anonymous_447)
FN:1,(anonymous_448)
FN:1,(anonymous_449)
FN:1,(anonymous_450)
FN:1,(anonymous_451)
FN:1,(anonymous_452)
FN:1,(anonymous_453)
FN:1,(anonymous_454)
FN:1,(anonymous_455)
FN:1,(anonymous_456)
FN:1,(anonymous_457)
FN:1,(anonymous_458)
FN:1,(anonymous_459)
FN:1,(anonymous_460)
FN:1,(anonymous_461)
FN:1,(anonymous_462)
FN:1,(anonymous_463)
FN:1,(anonymous_464)
FN:1,(anonymous_465)
FN:1,(anonymous_466)
FN:1,(anonymous_467)
FN:1,(anonymous_468)
FN:1,(anonymous_469)
FN:1,(anonymous_470)
FN:1,(anonymous_471)
FN:1,(anonymous_472)
FN:1,(anonymous_473)
FN:1,(anonymous_474)
FN:1,(anonymous_475)
FN:1,(anonymous_476)
FN:1,(anonymous_477)
FN:1,(anonymous_478)
FN:1,(anonymous_479)
FN:1,(anonymous_480)
FN:1,(anonymous_481)
FN:1,(anonymous_482)
FN:1,(anonymous_483)
FN:1,(anonymous_484)
FN:1,(anonymous_485)
FN:1,(anonymous_486)
FN:1,(anonymous_487)
FN:1,(anonymous_488)
FN:1,(anonymous_489)
FN:1,(anonymous_490)
FN:1,(anonymous_491)
FN:1,(anonymous_492)
FN:1,(anonymous_493)
FN:1,(anonymous_494)
FN:1,e
FN:1,(anonymous_496)
FN:1,(anonymous_497)
FN:1,(anonymous_498)
FN:1,(anonymous_499)
FN:1,(anonymous_500)
FN:1,(anonymous_501)
FN:1,(anonymous_502)
FN:1,(anonymous_503)
FN:1,(anonymous_504)
FN:1,or
FN:1,(anonymous_506)
FN:1,(anonymous_507)
FN:1,(anonymous_508)
FN:1,(anonymous_509)
FN:1,(anonymous_510)
FN:1,(anonymous_511)
FN:1,(anonymous_512)
FN:1,(anonymous_513)
FN:1,o
FN:1,(anonymous_515)
FN:1,(anonymous_516)
FN:1,(anonymous_517)
FN:1,(anonymous_518)
FN:1,(anonymous_519)
FN:1,(anonymous_520)
FN:1,e
FN:1,(anonymous_522)
FN:1,(anonymous_523)
FN:1,lr
FN:1,pr
FN:1,ur
FN:1,hr
FN:1,dr
FN:1,fr
FN:1,mr
FN:1,(anonymous_531)
FN:1,vr
FN:1,n
FN:1,r
FN:1,o
FN:1,(anonymous_536)
FN:1,i
FN:1,(anonymous_538)
FN:1,gr
FN:1,yr
FN:1,r
FN:1,br
FN:1,n
FN:1,(anonymous_544)
FN:1,(anonymous_545)
FN:1,(anonymous_546)
FN:1,wr
FN:1,Or
FN:1,kr
FN:1,xr
FN:1,(anonymous_551)
FN:1,(anonymous_552)
FN:1,(anonymous_553)
FN:1,(anonymous_554)
FN:1,(anonymous_555)
FN:1,(anonymous_556)
FN:1,(anonymous_557)
FN:1,(anonymous_558)
FN:1,(anonymous_559)
FN:1,(anonymous_560)
FN:1,(anonymous_561)
FN:1,(anonymous_562)
FN:1,(anonymous_563)
FN:1,(anonymous_564)
FN:1,(anonymous_565)
FN:1,(anonymous_566)
FN:1,(anonymous_567)
FN:1,(anonymous_568)
FN:1,(anonymous_569)
FN:1,(anonymous_570)
FN:1,(anonymous_571)
FN:1,(anonymous_572)
FN:1,(anonymous_573)
FN:1,(anonymous_574)
FN:1,(anonymous_575)
FN:1,(anonymous_576)
FN:1,(anonymous_577)
FN:1,(anonymous_578)
FN:1,(anonymous_579)
FN:1,(anonymous_580)
FN:1,jr
FN:1,(anonymous_582)
FN:1,(anonymous_583)
FN:1,(anonymous_584)
FN:1,(anonymous_585)
FN:1,(anonymous_586)
FN:1,(anonymous_587)
FN:1,(anonymous_588)
FN:1,(anonymous_589)
FN:1,(anonymous_590)
FN:1,(anonymous_591)
FN:1,(anonymous_592)
FN:1,(anonymous_593)
FN:1,(anonymous_594)
FN:1,(anonymous_595)
FN:1,n
FN:1,(anonymous_597)
FN:1,(anonymous_598)
FN:1,(anonymous_599)
FN:1,(anonymous_600)
FN:1,(anonymous_601)
FN:1,Br
FN:1,(anonymous_603)
FN:1,(anonymous_604)
FN:1,(anonymous_605)
FN:1,(anonymous_606)
FN:1,(anonymous_607)
FN:1,(anonymous_608)
FN:1,(anonymous_609)
FN:1,Fr
FN:1,Hr
FN:1,qr
FN:1,Jr
FN:1,Wr
FN:1,(anonymous_615)
FN:1,(anonymous_616)
FN:1,Kr
FN:1,(anonymous_618)
FN:1,(anonymous_619)
FN:1,(anonymous_620)
FN:1,(anonymous_621)
FN:1,(anonymous_622)
FN:1,(anonymous_623)
FN:1,(anonymous_624)
FN:1,(anonymous_625)
FN:1,(anonymous_626)
FN:1,(anonymous_627)
FN:1,(anonymous_628)
FN:1,(anonymous_629)
FN:1,(anonymous_630)
FN:1,(anonymous_631)
FN:1,(anonymous_632)
FN:1,(anonymous_633)
FN:1,(anonymous_634)
FN:1,(anonymous_635)
FN:1,(anonymous_636)
FN:1,(anonymous_637)
FN:1,(anonymous_638)
FN:1,(anonymous_639)
FN:1,(anonymous_640)
FN:1,(anonymous_641)
FN:1,(anonymous_642)
FN:1,(anonymous_643)
FN:1,(anonymous_644)
FN:1,(anonymous_645)
FN:1,Gr
FN:1,Yr
FN:1,(anonymous_648)
FN:1,(anonymous_649)
FN:1,(anonymous_650)
FN:1,(anonymous_651)
FN:1,(anonymous_652)
FN:1,(anonymous_653)
FN:1,(anonymous_654)
FN:1,(anonymous_655)
FN:1,(anonymous_656)
FN:1,(anonymous_657)
FN:1,Zr
FN:1,to
FN:1,eo
FN:1,(anonymous_661)
FN:1,(anonymous_662)
FN:1,(anonymous_663)
FN:1,(anonymous_664)
FN:1,(anonymous_665)
FN:1,(anonymous_666)
FN:1,(anonymous_667)
FN:1,(anonymous_668)
FN:1,(anonymous_669)
FN:1,(anonymous_670)
FN:1,(anonymous_671)
FN:1,(anonymous_672)
FN:1,io
FN:1,(anonymous_674)
FN:1,(anonymous_675)
FN:1,(anonymous_676)
FN:1,(anonymous_677)
FN:1,(anonymous_678)
FN:1,(anonymous_679)
FN:1,(anonymous_680)
FN:1,(anonymous_681)
FN:1,(anonymous_682)
FN:1,(anonymous_683)
FN:1,(anonymous_684)
FN:1,(anonymous_685)
FN:1,co
FN:1,(anonymous_687)
FN:1,(anonymous_688)
FN:1,(anonymous_689)
FN:1,(anonymous_690)
FN:1,(anonymous_691)
FN:1,(anonymous_692)
FN:1,(anonymous_693)
FN:1,(anonymous_694)
FN:1,(anonymous_695)
FN:1,(anonymous_696)
FN:1,(anonymous_697)
FN:1,(anonymous_698)
FN:1,(anonymous_699)
FN:1,(anonymous_700)
FN:1,(anonymous_701)
FN:1,(anonymous_702)
FN:1,(anonymous_703)
FN:1,(anonymous_704)
FN:1,(anonymous_705)
FN:1,e
FN:1,(anonymous_707)
FN:1,(anonymous_708)
FN:1,(anonymous_709)
FN:1,(anonymous_710)
FN:1,(anonymous_711)
FN:1,(anonymous_712)
FN:1,(anonymous_713)
FN:1,(anonymous_714)
FN:1,e
FN:1,(anonymous_716)
FN:1,(anonymous_717)
FN:1,(anonymous_718)
FN:1,(anonymous_719)
FN:1,(anonymous_720)
FN:1,(anonymous_721)
FN:1,mo
FN:1,vo
FN:1,go
FN:1,yo
FN:1,bo
FN:1,wo
FN:1,Oo
FN:1,ko
FN:1,xo
FN:1,So
FN:1,Mo
FN:1,Co
FN:1,Eo
FN:1,To
FN:1,(anonymous_736)
FN:1,(anonymous_737)
FN:1,(anonymous_738)
FN:1,(anonymous_739)
FN:1,(anonymous_740)
FN:1,(anonymous_741)
FN:1,(anonymous_742)
FN:1,(anonymous_743)
FN:1,e
FN:1,(anonymous_745)
FN:1,(anonymous_746)
FN:1,(anonymous_747)
FN:1,(anonymous_748)
FN:1,(anonymous_749)
FN:1,(anonymous_750)
FN:1,(anonymous_751)
FN:1,(anonymous_752)
FN:1,e
FN:1,(anonymous_754)
FN:1,(anonymous_755)
FN:1,(anonymous_756)
FN:1,(anonymous_757)
FN:1,(anonymous_758)
FN:1,(anonymous_759)
FN:1,(anonymous_760)
FN:1,Ao
FN:1,Io
FN:1,(anonymous_763)
FN:1,(anonymous_764)
FN:1,(anonymous_765)
FN:1,(anonymous_766)
FN:1,(anonymous_767)
FN:1,(anonymous_768)
FN:1,(anonymous_769)
FN:1,(anonymous_770)
FN:1,(anonymous_771)
FN:1,(anonymous_772)
FN:1,(anonymous_773)
FN:1,(anonymous_774)
FN:1,(anonymous_775)
FN:1,_o
FN:1,Po
FN:1,zo
FN:1,Bo
FN:1,Lo
FN:1,Vo
FN:1,$o
FN:1,Fo
FN:1,(anonymous_784)
FN:1,(anonymous_785)
FN:1,(anonymous_786)
[...]
FN:86,(anonymous_3)
FN:90,(anonymous_4)
FN:91,(anonymous_5)
FN:102,(anonymous_6)
FN:105,(anonymous_7)
FN:133,(anonymous_8)
FN:134,(anonymous_9)
FN:139,(anonymous_10)
FN:148,(anonymous_11)
FN:157,(anonymous_12)
FN:164,(anonymous_13)
FN:167,(anonymous_14)
FN:174,(anonymous_15)
FN:180,(anonymous_16)
FN:196,(anonymous_17)
FN:212,(anonymous_18)
FN:212,(anonymous_19)
FN:218,(anonymous_21)
FN:225,(anonymous_22)
FN:238,(anonymous_25)
FN:246,(anonymous_26)
FN:250,(anonymous_27)
FN:254,(anonymous_28)
FN:260,(anonymous_29)
FNF:27
FNH:0
FNDA:0,(anonymous_0)
FNDA:0,(anonymous_1)
FNDA:0,(anonymous_2)
FNDA:0,(anonymous_3)
FNDA:0,(anonymous_4)
FNDA:0,(anonymous_5)
FNDA:0,(anonymous_6)
FNDA:0,(anonymous_7)
FNDA:0,(anonymous_8)
FNDA:0,(anonymous_9)
FNDA:0,(anonymous_10)
FNDA:0,(anonymous_11)
FNDA:0,(anonymous_12)
FNDA:0,(anonymous_13)
FNDA:0,(anonymous_14)
FNDA:0,(anonymous_15)
FNDA:0,(anonymous_16)
FNDA:0,(anonymous_17)
FNDA:0,(anonymous_18)
FNDA:0,(anonymous_19)
FNDA:0,(anonymous_21)
FNDA:0,(anonymous_22)
FNDA:0,(anonymous_25)
FNDA:0,(anonymous_26)
FNDA:0,(anonymous_27)
FNDA:0,(anonymous_28)
FNDA:0,(anonymous_29)
DA:29,0
DA:30,0
DA:33,0
DA:36,0
DA:37,0
DA:38,0
DA:39,0
DA:40,0
DA:41,0
DA:42,0
DA:43,0
DA:44,0
DA:45,0
DA:46,0
DA:47,0
DA:48,0
DA:50,0
DA:71,0
DA:72,0
DA:73,0
DA:74,0
DA:75,0
DA:76,0
DA:77,0
DA:78,0
DA:79,0
DA:80,0
DA:87,0
DA:90,0
DA:92,0
DA:93,0
DA:95,0
DA:102,0
DA:106,0
DA:107,0
DA:109,0
DA:117,0
DA:133,0
DA:137,0
DA:140,0
DA:141,0
DA:146,0
DA:148,0
DA:158,0
DA:159,0
DA:165,0
DA:168,0
DA:169,0
DA:174,0
DA:175,0
DA:181,0
DA:197,0
DA:212,0
DA:213,0
DA:214,0
DA:219,0
DA:220,0
DA:221,0
DA:225,0
DA:226,0
DA:238,0
DA:240,0
DA:241,0
DA:243,0
DA:246,0
DA:247,0
DA:250,0
DA:251,0
DA:254,0
DA:255,0
DA:260,0
DA:262,0
DA:268,0
DA:272,0
LF:74
LH:0
BRDA:92,0,0,0
BRDA:92,0,1,0
BRDA:106,1,0,0
BRDA:106,1,1,0
BRDA:140,2,0,0
BRDA:140,2,1,0
BRDA:165,3,0,0
BRDA:165,3,1,0
BRDA:165,4,0,0
BRDA:165,4,1,0
BRDA:240,5,0,0
BRDA:240,5,1,0
BRDA:243,6,0,0
BRDA:243,6,1,0
BRDA:243,7,0,0
BRDA:243,7,1,0
BRDA:247,8,0,0
BRDA:247,8,1,0
BRDA:247,9,0,0
BRDA:247,9,1,0
BRDA:251,10,0,0
BRDA:251,10,1,0
BRDA:251,11,0,0
BRDA:251,11,1,0
BRDA:256,12,0,0
BRDA:256,12,1,0
BRDA:256,13,0,0
BRDA:256,13,1,0
BRDA:257,14,0,0
BRDA:257,14,1,0
BRDA:257,15,0,0
BRDA:257,15,1,0
BRDA:262,16,0,0
BRDA:262,16,1,0
BRDA:262,17,0,0
BRDA:262,17,1,0
BRF:36
BRH:0
end_of_record
TN:
SF:/Users/song/GradutionProject/edu-graph-vue3/src/views/editable.repository/section.tree.vue
FN:82,(anonymous_0)
FN:85,(anonymous_1)
FN:86,(anonymous_2)
FN:87,(anonymous_3)
FN:103,(anonymous_4)
FN:110,(anonymous_7)
FN:111,(anonymous_10)
FN:115,(anonymous_11)
FN:122,openCreateSectionModal
FN:146,(anonymous_15)
FN:157,handleCreateSection
FN:186,(anonymous_19)
FN:192,handleSelectedTreeNode
FN:210,(anonymous_21)
FNF:14
FNH:0
FNDA:0,(anonymous_0)
FNDA:0,(anonymous_1)
FNDA:0,(anonymous_2)
FNDA:0,(anonymous_3)
FNDA:0,(anonymous_4)
FNDA:0,(anonymous_7)
FNDA:0,(anonymous_10)
FNDA:0,(anonymous_11)
FNDA:0,openCreateSectionModal
FNDA:0,(anonymous_15)
FNDA:0,handleCreateSection
FNDA:0,(anonymous_19)
FNDA:0,handleSelectedTreeNode
FNDA:0,(anonymous_21)
DA:63,0
DA:66,0
DA:69,0
DA:71,0
DA:72,0
DA:73,0
DA:75,0
DA:82,0
DA:83,0
DA:84,0
DA:85,0
DA:86,0
DA:87,0
DA:88,0
DA:89,0
DA:90,0
DA:91,0
DA:92,0
DA:93,0
DA:95,0
DA:97,0
DA:101,0
DA:102,0
DA:103,0
DA:104,0
DA:105,0
DA:108,0
DA:110,0
DA:111,0
DA:112,0
DA:115,0
DA:116,0
DA:117,0
DA:118,0
DA:127,0
DA:128,0
DA:129,0
DA:130,0
DA:131,0
DA:132,0
DA:134,0
DA:135,0
DA:136,0
DA:138,0
DA:139,0
DA:140,0
DA:146,0
DA:152,0
DA:153,0
DA:158,0
DA:159,0
DA:164,0
DA:165,0
DA:170,0
DA:171,0
DA:173,0
DA:180,0
DA:181,0
DA:186,0
DA:187,0
DA:193,0
DA:195,0
DA:196,0
DA:197,0
DA:198,0
DA:201,0
DA:203,0
DA:204,0
DA:205,0
DA:206,0
DA:210,0
DA:211,0
DA:212,0
DA:214,0
LF:74
LH:0
BRDA:116,0,0,0
BRDA:116,0,1,0
BRDA:116,1,0,0
BRDA:116,1,1,0
BRDA:131,2,0,0
BRDA:131,2,1,0
BRDA:134,3,0,0
BRDA:134,3,1,0
BRDA:136,4,0,0
BRDA:136,4,1,0
BRDA:136,5,0,0
BRDA:136,5,1,0
BRDA:136,6,0,0
BRDA:136,6,1,0
BRDA:136,7,0,0
BRDA:136,7,1,0
BRDA:136,8,0,0
BRDA:136,8,1,0
BRDA:138,9,0,0
BRDA:138,9,1,0
BRDA:152,10,0,0
BRDA:152,10,1,0
BRDA:158,11,0,0
BRDA:158,11,1,0
BRDA:162,12,0,0
BRDA:162,12,1,0
BRDA:162,13,0,0
BRDA:162,13,1,0
BRDA:162,14,0,0
BRDA:162,14,1,0
BRDA:164,15,0,0
BRDA:164,15,1,0
BRDA:170,16,0,0
BRDA:170,16,1,0
BRDA:196,17,0,0
BRDA:196,17,1,0
BRF:36
BRH:0
end_of_record
TN:
SF:/Users/song/GradutionProject/edu-graph-vue3/src/views/editable.repository/toolbar.vue
FN:28,(anonymous_0)
FN:30,(anonymous_1)
FN:35,(anonymous_2)
FN:38,(anonymous_3)
FNF:4
FNH:0
FNDA:0,(anonymous_0)
FNDA:0,(anonymous_1)
FNDA:0,(anonymous_2)
FNDA:0,(anonymous_3)
DA:20,0
DA:21,0
DA:23,0
DA:24,0
DA:26,0
DA:29,0
DA:30,0
DA:31,0
DA:35,0
DA:36,0
DA:38,0
DA:39,0
DA:43,0
DA:46,0
LF:14
LH:0
BRDA:43,0,0,0
BRDA:43,0,1,0
BRF:2
BRH:0
end_of_record
TN:
SF:/Users/song/GradutionProject/edu-graph-vue3/src/views/editable.repository/knowledge.graph/knowledge.connection.vue
FN:82,(anonymous_0)
FN:87,(anonymous_1)
FN:88,(anonymous_2)
FN:89,(anonymous_3)
FN:90,(anonymous_4)
FN:91,(anonymous_5)
FN:95,(anonymous_6)
FN:101,(anonymous_7)
FN:106,(anonymous_8)
FNF:9
FNH:0
FNDA:0,(anonymous_0)
FNDA:0,(anonymous_1)
FNDA:0,(anonymous_2)
FNDA:0,(anonymous_3)
FNDA:0,(anonymous_4)
FNDA:0,(anonymous_5)
FNDA:0,(anonymous_6)
FNDA:0,(anonymous_7)
FNDA:0,(anonymous_8)
DA:73,0
DA:76,0
DA:78,0
DA:80,0
DA:85,0
DA:86,0
DA:87,0
DA:88,0
DA:89,0
DA:90,0
DA:91,0
DA:92,0
DA:95,0
DA:96,0
DA:100,0
DA:101,0
DA:102,0
DA:106,0
DA:107,0
DA:108,0
DA:111,0
DA:112,0
DA:114,0
DA:138,0
DA:140,0
LF:25
LH:0
BRDA:107,0,0,0
BRDA:107,0,1,0
BRDA:107,1,0,0
BRDA:107,1,1,0
BRDA:111,2,0,0
BRDA:111,2,1,0
BRF:6
BRH:0
end_of_record
TN:
SF:/Users/song/GradutionProject/edu-graph-vue3/src/views/editable.repository/section.article/article.limit.vue
FN:34,(anonymous_0)
FN:36,(anonymous_1)
FNF:2
FNH:0
FNDA:0,(anonymous_0)
FNDA:0,(anonymous_1)
DA:20,0
DA:22,0
DA:35,0
DA:36,0
DA:37,0
LF:5
LH:0
BRF:0
BRH:0
end_of_record
TN:
SF:/Users/song/GradutionProject/edu-graph-vue3/src/views/editable.repository/section.article/section.article.control.vue
FN:225,(anonymous_0)
FN:229,(anonymous_1)
FN:235,(anonymous_2)
FN:257,(anonymous_3)
FN:260,(anonymous_4)
FN:268,(anonymous_5)
FN:272,(anonymous_6)
FN:289,(anonymous_8)
FN:295,(anonymous_9)
FN:311,(anonymous_10)
FN:311,(anonymous_11)
FNF:11
FNH:0
FNDA:0,(anonymous_0)
FNDA:0,(anonymous_1)
FNDA:0,(anonymous_2)
FNDA:0,(anonymous_3)
FNDA:0,(anonymous_4)
FNDA:0,(anonymous_5)
FNDA:0,(anonymous_6)
FNDA:0,(anonymous_8)
FNDA:0,(anonymous_9)
FNDA:0,(anonymous_10)
FNDA:0,(anonymous_11)
DA:172,0
DA:182,0
DA:183,0
DA:184,0
DA:187,0
DA:188,0
DA:189,0
DA:190,0
DA:191,0
DA:192,0
DA:193,0
DA:194,0
DA:195,0
DA:196,0
DA:197,0
DA:199,0
DA:225,0
DA:226,0
DA:227,0
DA:229,0
DA:230,0
DA:232,0
DA:235,0
DA:236,0
DA:237,0
DA:238,0
DA:240,0
DA:241,0
DA:242,0
DA:244,0
DA:257,0
DA:258,0
DA:260,0
DA:264,0
DA:265,0
DA:266,0
DA:268,0
DA:272,0
DA:273,0
DA:279,0
DA:283,0
DA:284,0
DA:285,0
DA:286,0
DA:288,0
DA:290,0
DA:291,0
DA:292,0
DA:296,0
DA:297,0
DA:298,0
DA:303,0
DA:311,0
DA:312,0
DA:313,0
DA:314,0
DA:315,0
DA:317,0
DA:318,0
DA:324,0
LF:60
LH:0
BRDA:236,0,0,0
BRDA:236,0,1,0
BRDA:236,1,0,0
BRDA:236,1,1,0
BRDA:237,2,0,0
BRDA:237,2,1,0
BRDA:237,3,0,0
BRDA:237,3,1,0
BRDA:240,4,0,0
BRDA:240,4,1,0
BRDA:240,5,0,0
BRDA:240,5,1,0
BRDA:241,6,0,0
BRDA:241,6,1,0
BRDA:241,7,0,0
BRDA:241,7,1,0
BRDA:241,8,0,0
BRDA:241,8,1,0
BRDA:241,9,0,0
BRDA:241,9,1,0
BRDA:241,10,0,0
BRDA:241,10,1,0
BRDA:241,11,0,0
BRDA:241,11,1,0
BRDA:241,12,0,0
BRDA:241,12,1,0
BRDA:244,13,0,0
BRDA:244,13,1,0
BRDA:244,14,0,0
BRDA:244,14,1,0
BRDA:285,15,0,0
BRDA:285,15,1,0
BRDA:296,16,0,0
BRDA:296,16,1,0
BRDA:314,17,0,0
BRDA:314,17,1,0
BRF:36
BRH:0
end_of_record
TN:
SF:/Users/song/GradutionProject/edu-graph-vue3/src/views/editable.repository/tiptap/mention.list.vue
FN:33,(anonymous_0)
FN:39,(anonymous_1)
FN:43,upHandler
FN:47,downHandler
FN:51,selectItem
FN:58,enterHandler
FN:62,onKeyDown
FNF:7
FNH:0
FNDA:0,(anonymous_0)
FNDA:0,(anonymous_1)
FNDA:0,upHandler
FNDA:0,downHandler
FNDA:0,selectItem
FNDA:0,enterHandler
FNDA:0,onKeyDown
DA:18,0
DA:22,0
DA:34,0
DA:38,0
DA:39,0
DA:40,0
DA:44,0
DA:48,0
DA:52,0
DA:53,0
DA:54,0
DA:59,0
DA:62,0
DA:63,0
DA:64,0
DA:65,0
DA:67,0
DA:68,0
DA:69,0
DA:71,0
DA:72,0
DA:73,0
DA:75,0
DA:78,0
LF:24
LH:0
BRDA:53,0,0,0
BRDA:53,0,1,0
BRDA:63,1,0,0
BRDA:63,1,1,0
BRDA:67,2,0,0
BRDA:67,2,1,0
BRDA:71,3,0,0
BRDA:71,3,1,0
BRF:8
BRH:0
end_of_record
TN:
SF:/Users/song/GradutionProject/edu-graph-vue3/src/views/editable.repository/toolbar/create.bind.knowledge.modal.vue
FN:64,(anonymous_0)
FN:74,(anonymous_1)
FN:76,(anonymous_2)
FN:79,(anonymous_3)
FN:82,(anonymous_4)
FN:82,(anonymous_5)
FN:88,(anonymous_7)
FN:88,(anonymous_8)
FN:113,(anonymous_10)
FN:113,(anonymous_11)
FN:124,getEntityList
FN:137,(anonymous_16)
FN:140,(anonymous_19)
FN:146,(anonymous_20)
FN:155,(anonymous_23)
FNF:15
FNH:0
FNDA:0,(anonymous_0)
FNDA:0,(anonymous_1)
FNDA:0,(anonymous_2)
FNDA:0,(anonymous_3)
FNDA:0,(anonymous_4)
FNDA:0,(anonymous_5)
FNDA:0,(anonymous_7)
FNDA:0,(anonymous_8)
FNDA:0,(anonymous_10)
FNDA:0,(anonymous_11)
FNDA:0,getEntityList
FNDA:0,(anonymous_16)
FNDA:0,(anonymous_19)
FNDA:0,(anonymous_20)
FNDA:0,(anonymous_23)
DA:47,0
DA:48,0
DA:51,0
DA:54,0
DA:56,0
DA:64,0
DA:65,0
DA:66,0
DA:67,0
DA:68,0
DA:69,0
DA:70,0
DA:71,0
DA:72,0
DA:73,0
DA:74,0
DA:75,0
DA:76,0
DA:77,0
DA:79,0
DA:80,0
DA:82,0
DA:83,0
DA:84,0
DA:88,0
DA:89,0
DA:90,0
DA:92,0
DA:93,0
DA:98,0
DA:99,0
DA:101,0
DA:109,0
DA:110,0
DA:113,0
DA:114,0
DA:115,0
DA:120,0
DA:121,0
DA:125,0
DA:126,0
DA:132,0
DA:133,0
DA:134,0
DA:137,0
DA:138,0
DA:139,0
DA:140,0
DA:142,0
DA:143,0
DA:144,0
DA:146,0
DA:147,0
DA:148,0
DA:150,0
DA:151,0
DA:152,0
DA:155,0
DA:156,0
DA:157,0
DA:160,0
LF:61
LH:0
BRDA:83,0,0,0
BRDA:83,0,1,0
BRDA:89,1,0,0
BRDA:89,1,1,0
BRDA:98,2,0,0
BRDA:98,2,1,0
BRDA:139,3,0,0
BRDA:139,3,1,0
BRDA:147,4,0,0
BRDA:147,4,1,0
BRF:10
BRH:0
end_of_record
TN:
SF:/Users/song/GradutionProject/edu-graph-vue3/src/views/editable.repository/toolbar/entity.tag.vue
FN:73,(anonymous_0)
FN:74,(anonymous_1)
FN:75,(anonymous_2)
FNF:3
FNH:0
FNDA:0,(anonymous_0)
FNDA:0,(anonymous_1)
FNDA:0,(anonymous_2)
DA:44,0
DA:45,0
DA:48,0
DA:49,0
DA:50,0
DA:51,0
DA:53,0
DA:73,0
DA:74,0
DA:75,0
DA:76,0
LF:11
LH:0
BRF:0
BRH:0
end_of_record
TN:
SF:/Users/song/GradutionProject/edu-graph-vue3/src/views/editable.repository/toolbar/toolbar.entity.list.item.vue
FN:64,(anonymous_0)
FN:70,(anonymous_1)
FN:71,(anonymous_2)
FN:72,(anonymous_3)
FN:72,(anonymous_4)
FN:73,(anonymous_5)
FN:77,(anonymous_6)
FN:80,(anonymous_7)
FN:85,(anonymous_8)
FN:100,(anonymous_9)
FNF:10
FNH:0
FNDA:0,(anonymous_0)
FNDA:0,(anonymous_1)
FNDA:0,(anonymous_2)
FNDA:0,(anonymous_3)
FNDA:0,(anonymous_4)
FNDA:0,(anonymous_5)
FNDA:0,(anonymous_6)
FNDA:0,(anonymous_7)
FNDA:0,(anonymous_8)
FNDA:0,(anonymous_9)
DA:38,0
DA:41,0
DA:42,0
DA:43,0
DA:44,0
DA:45,0
DA:46,0
DA:47,0
DA:49,0
DA:64,0
DA:65,0
DA:66,0
DA:67,0
DA:68,0
DA:69,0
DA:70,0
DA:71,0
DA:72,0
DA:73,0
DA:75,0
DA:76,0
DA:77,0
DA:78,0
DA:80,0
DA:81,0
DA:83,0
DA:84,0
DA:85,0
DA:86,0
DA:87,0
DA:88,0
DA:89,0
DA:91,0
DA:100,0
DA:101,0
DA:102,0
DA:106,0
LF:37
LH:0
BRDA:86,0,0,0
BRDA:86,0,1,0
BRF:2
BRH:0
end_of_record
TN:
SF:/Users/song/GradutionProject/edu-graph-vue3/src/views/editable.repository/toolbar/toolbar.entity.list.vue
FNF:0
FNH:0
DA:9,0
DA:12,0
DA:14,0
LF:3
LH:0
BRF:0
BRH:0
end_of_record
TN:
SF:/Users/song/GradutionProject/edu-graph-vue3/src/views/editable.repository/toolbar/toolbar.knowledge.edge.vue
FN:18,(anonymous_0)
FNF:1
FNH:0
FNDA:0,(anonymous_0)
DA:11,0
DA:12,0
DA:14,0
DA:19,0
DA:20,0
DA:26,0
LF:6
LH:0
BRF:0
BRH:0
end_of_record
TN:
SF:/Users/song/GradutionProject/edu-graph-vue3/src/views/home/home.aside.vue
FN:65,(anonymous_0)
FN:74,(anonymous_1)
FN:80,(anonymous_4)
FN:83,(anonymous_7)
FN:91,(anonymous_10)
FN:91,(anonymous_11)
FN:99,(anonymous_13)
FN:106,(anonymous_14)
FNF:8
FNH:0
FNDA:0,(anonymous_0)
FNDA:0,(anonymous_1)
FNDA:0,(anonymous_4)
FNDA:0,(anonymous_7)
FNDA:0,(anonymous_10)
FNDA:0,(anonymous_11)
FNDA:0,(anonymous_13)
FNDA:0,(anonymous_14)
DA:49,0
DA:52,0
DA:53,0
DA:55,0
DA:56,0
DA:57,0
DA:59,0
DA:65,0
DA:66,0
DA:67,0
DA:68,0
DA:69,0
DA:70,0
DA:71,0
DA:74,0
DA:75,0
DA:76,0
DA:77,0
DA:80,0
DA:81,0
DA:83,0
DA:84,0
DA:85,0
DA:86,0
DA:87,0
DA:88,0
DA:91,0
DA:92,0
DA:99,0
DA:100,0
DA:101,0
DA:102,0
DA:104,0
DA:106,0
DA:109,0
LF:35
LH:0
BRDA:76,0,0,0
BRDA:76,0,1,0
BRDA:84,1,0,0
BRDA:84,1,1,0
BRDA:101,2,0,0
BRDA:101,2,1,0
BRDA:105,3,0,0
BRDA:105,3,1,0
BRDA:104,4,0,0
BRDA:104,4,1,0
BRF:10
BRH:0
end_of_record
TN:
SF:/Users/song/GradutionProject/edu-graph-vue3/src/views/home/home.explore.vue
FN:31,(anonymous_0)
FNF:1
FNH:0
FNDA:0,(anonymous_0)
DA:18,0
DA:19,0
DA:21,0
DA:26,0
DA:32,0
LF:5
LH:0
BRF:0
BRH:0
end_of_record
TN:
SF:/Users/song/GradutionProject/edu-graph-vue3/src/views/home/home.main.vue
FN:30,(anonymous_0)
FN:35,(anonymous_1)
FN:35,(anonymous_2)
FN:44,(anonymous_4)
FNF:4
FNH:0
FNDA:0,(anonymous_0)
FNDA:0,(anonymous_1)
FNDA:0,(anonymous_2)
FNDA:0,(anonymous_4)
DA:18,0
DA:21,0
DA:22,0
DA:23,0
DA:25,0
DA:30,0
DA:31,0
DA:32,0
DA:33,0
DA:34,0
DA:35,0
DA:36,0
DA:37,0
DA:41,0
DA:42,0
DA:44,0
DA:45,0
DA:47,0
LF:18
LH:0
BRDA:41,0,0,0
BRDA:41,0,1,0
BRDA:41,1,0,0
BRDA:41,1,1,0
BRDA:41,2,0,0
BRDA:41,2,1,0
BRDA:41,3,0,0
BRDA:41,3,1,0
BRDA:42,4,0,0
BRDA:42,4,1,0
BRDA:42,5,0,0
BRDA:42,5,1,0
BRDA:42,6,0,0
BRDA:42,6,1,0
BRF:14
BRH:0
end_of_record
TN:
SF:/Users/song/GradutionProject/edu-graph-vue3/src/views/home/main/repository.item.vue
FN:54,(anonymous_0)
FN:56,(anonymous_1)
FN:62,(anonymous_2)
FN:70,(anonymous_3)
FN:70,(anonymous_4)
FN:84,(anonymous_6)
FNF:6
FNH:0
FNDA:0,(anonymous_0)
FNDA:0,(anonymous_1)
FNDA:0,(anonymous_2)
FNDA:0,(anonymous_3)
FNDA:0,(anonymous_4)
FNDA:0,(anonymous_6)
DA:35,0
DA:38,0
DA:39,0
DA:40,0
DA:41,0
DA:43,0
DA:54,0
DA:55,0
DA:56,0
DA:60,0
DA:61,0
DA:62,0
DA:63,0
DA:70,0
DA:71,0
DA:72,0
DA:73,0
DA:78,0
DA:84,0
DA:85,0
DA:86,0
DA:87,0
DA:90,0
LF:23
LH:0
BRDA:72,0,0,0
BRDA:72,0,1,0
BRDA:86,1,0,0
BRDA:86,1,1,0
BRF:4
BRH:0
end_of_record
TN:
SF:/Users/song/GradutionProject/edu-graph-vue3/src/views/knowledge.edit/knowledge.edit.form.vue
FN:77,(anonymous_0)
FN:89,(anonymous_1)
FN:99,(anonymous_4)
FN:106,(anonymous_7)
FN:118,(anonymous_10)
FN:127,(anonymous_13)
FN:133,(anonymous_14)
FN:136,(anonymous_15)
FN:142,(anonymous_18)
FN:148,(anonymous_21)
FN:151,(anonymous_22)
FN:152,(anonymous_23)
FN:158,(anonymous_24)
FN:162,(anonymous_25)
FN:166,(anonymous_26)
FNF:15
FNH:0
FNDA:0,(anonymous_0)
FNDA:0,(anonymous_1)
FNDA:0,(anonymous_4)
FNDA:0,(anonymous_7)
FNDA:0,(anonymous_10)
FNDA:0,(anonymous_13)
FNDA:0,(anonymous_14)
FNDA:0,(anonymous_15)
FNDA:0,(anonymous_18)
FNDA:0,(anonymous_21)
FNDA:0,(anonymous_22)
FNDA:0,(anonymous_23)
FNDA:0,(anonymous_24)
FNDA:0,(anonymous_25)
FNDA:0,(anonymous_26)
DA:54,0
DA:58,0
DA:59,0
DA:60,0
DA:61,0
DA:70,0
DA:77,0
DA:78,0
DA:79,0
DA:80,0
DA:81,0
DA:82,0
DA:83,0
DA:84,0
DA:85,0
DA:86,0
DA:87,0
DA:88,0
DA:89,0
DA:90,0
DA:94,0
DA:95,0
DA:97,0
DA:99,0
DA:100,0
DA:101,0
DA:102,0
DA:104,0
DA:106,0
DA:107,0
DA:108,0
DA:115,0
DA:116,0
DA:117,0
DA:118,0
DA:119,0
DA:123,0
DA:124,0
DA:126,0
DA:127,0
DA:133,0
DA:134,0
DA:136,0
DA:137,0
DA:138,0
DA:139,0
DA:140,0
DA:142,0
DA:143,0
DA:144,0
DA:146,0
DA:147,0
DA:148,0
DA:149,0
DA:150,0
DA:151,0
DA:152,0
DA:153,0
DA:154,0
DA:158,0
DA:159,0
DA:162,0
DA:166,0
DA:167,0
DA:170,0
LF:65
LH:0
BRDA:94,0,0,0
BRDA:94,0,1,0
BRDA:101,1,0,0
BRDA:101,1,1,0
BRDA:123,2,0,0
BRDA:123,2,1,0
BRDA:126,3,0,0
BRDA:126,3,1,0
BRDA:126,4,0,0
BRDA:126,4,1,0
BRDA:127,5,0,0
BRDA:127,5,1,0
BRDA:127,6,0,0
BRDA:127,6,1,0
BRDA:153,7,0,0
BRDA:153,7,1,0
BRF:16
BRH:0
end_of_record
TN:
SF:/Users/song/GradutionProject/edu-graph-vue3/src/views/main/edu.header.vue
FN:75,(anonymous_0)
FN:80,(anonymous_1)
FN:84,(anonymous_2)
FN:85,(anonymous_3)
FN:86,(anonymous_4)
FN:92,(anonymous_5)
FN:95,(anonymous_8)
FN:98,(anonymous_11)
FN:108,(anonymous_14)
FN:118,(anonymous_17)
FN:121,(anonymous_20)
FN:124,(anonymous_23)
FN:124,(anonymous_24)
FN:133,(anonymous_26)
FNF:14
FNH:0
FNDA:0,(anonymous_0)
FNDA:0,(anonymous_1)
FNDA:0,(anonymous_2)
FNDA:0,(anonymous_3)
FNDA:0,(anonymous_4)
FNDA:0,(anonymous_5)
FNDA:0,(anonymous_8)
FNDA:0,(anonymous_11)
FNDA:0,(anonymous_14)
FNDA:0,(anonymous_17)
FNDA:0,(anonymous_20)
FNDA:0,(anonymous_23)
FNDA:0,(anonymous_24)
FNDA:0,(anonymous_26)
DA:63,0
DA:66,0
DA:67,0
DA:69,0
DA:76,0
DA:80,0
DA:81,0
DA:82,0
DA:83,0
DA:84,0
DA:85,0
DA:86,0
DA:87,0
DA:88,0
DA:89,0
DA:92,0
DA:93,0
DA:95,0
DA:96,0
DA:98,0
DA:99,0
DA:100,0
DA:101,0
DA:108,0
DA:109,0
DA:110,0
DA:111,0
DA:118,0
DA:119,0
DA:121,0
DA:122,0
DA:124,0
DA:125,0
DA:126,0
DA:133,0
DA:134,0
DA:137,0
DA:139,0
LF:38
LH:0
BRDA:88,0,0,0
BRDA:88,0,1,0
BRF:2
BRH:0
end_of_record
TN:
SF:/Users/song/GradutionProject/edu-graph-vue3/src/views/repository/repository.header.vue
FNF:0
FNH:0
DA:54,0
DA:55,0
DA:57,0
LF:3
LH:0
BRF:0
BRH:0
end_of_record
TN:
SF:/Users/song/GradutionProject/edu-graph-vue3/src/views/repository/repository.list/repo.list.vue
FN:68,(anonymous_0)
FN:78,(anonymous_1)
FN:78,(anonymous_2)
FN:78,(anonymous_3)
FN:88,(anonymous_5)
FN:97,(anonymous_8)
FN:97,(anonymous_9)
FNF:7
FNH:0
FNDA:0,(anonymous_0)
FNDA:0,(anonymous_1)
FNDA:0,(anonymous_2)
FNDA:0,(anonymous_3)
FNDA:0,(anonymous_5)
FNDA:0,(anonymous_8)
FNDA:0,(anonymous_9)
DA:55,0
DA:56,0
DA:59,0
DA:60,0
DA:62,0
DA:68,0
DA:69,0
DA:70,0
DA:71,0
DA:72,0
DA:73,0
DA:78,0
DA:79,0
DA:84,0
DA:85,0
DA:86,0
DA:88,0
DA:89,0
DA:94,0
DA:95,0
DA:97,0
DA:98,0
DA:103,0
DA:104,0
DA:106,0
LF:25
LH:0
BRDA:84,0,0,0
BRDA:84,0,1,0
BRDA:84,1,0,0
BRDA:84,1,1,0
BRDA:84,2,0,0
BRDA:84,2,1,0
BRDA:84,3,0,0
BRDA:84,3,1,0
BRDA:85,4,0,0
BRDA:85,4,1,0
BRDA:85,5,0,0
BRDA:85,5,1,0
BRDA:85,6,0,0
BRDA:85,6,1,0
BRDA:94,7,0,0
BRDA:94,7,1,0
BRDA:94,8,0,0
BRDA:94,8,1,0
BRDA:94,9,0,0
BRDA:94,9,1,0
BRDA:94,10,0,0
BRDA:94,10,1,0
BRDA:95,11,0,0
BRDA:95,11,1,0
BRDA:95,12,0,0
BRDA:95,12,1,0
BRDA:95,13,0,0
BRDA:95,13,1,0
BRDA:103,14,0,0
BRDA:103,14,1,0
BRDA:103,15,0,0
BRDA:103,15,1,0
BRDA:103,16,0,0
BRDA:103,16,1,0
BRDA:103,17,0,0
BRDA:103,17,1,0
BRDA:104,18,0,0
BRDA:104,18,1,0
BRDA:104,19,0,0
BRDA:104,19,1,0
BRDA:104,20,0,0
BRDA:104,20,1,0
BRF:42
BRH:0
end_of_record
TN:
SF:/Users/song/GradutionProject/edu-graph-vue3/src/views/repository/repository.list/repositor.list.item.vue
FN:28,(anonymous_0)
FNF:1
FNH:0
FNDA:0,(anonymous_0)
DA:18,0
DA:20,0
DA:29,0
DA:31,0
LF:4
LH:0
BRF:0
BRH:0
end_of_record
TN:
SF:/Users/song/GradutionProject/edu-graph-vue3/src/views/settings/account.vue
FNF:0
FNH:0
DA:6,0
LF:1
LH:0
BRF:0
BRH:0
end_of_record
TN:
SF:/Users/song/GradutionProject/edu-graph-vue3/src/views/settings/profile.vue
FN:54,(anonymous_0)
FN:63,(anonymous_1)
FN:68,(anonymous_2)
FN:71,(anonymous_3)
FNF:4
FNH:0
FNDA:0,(anonymous_0)
FNDA:0,(anonymous_1)
FNDA:0,(anonymous_2)
FNDA:0,(anonymous_3)
DA:33,0
DA:36,0
DA:37,0
DA:38,0
DA:48,0
DA:54,0
DA:55,0
DA:62,0
DA:63,0
DA:64,0
DA:66,0
DA:68,0
DA:69,0
DA:71,0
DA:72,0
DA:73,0
DA:74,0
DA:75,0
DA:76,0
DA:77,0
DA:78,0
DA:79,0
DA:82,0
LF:23
LH:0
BRDA:74,0,0,0
BRDA:74,0,1,0
BRDA:76,1,0,0
BRDA:76,1,1,0
BRDA:78,2,0,0
BRDA:78,2,1,0
BRDA:79,3,0,0
BRDA:79,3,1,0
BRF:8
BRH:0
end_of_record
TN:
SF:/Users/song/GradutionProject/edu-graph-vue3/src/views/settings/security.vue
FN:36,(anonymous_0)
FN:42,(anonymous_1)
FNF:2
FNH:0
FNDA:0,(anonymous_0)
FNDA:0,(anonymous_1)
DA:20,0
DA:23,0
DA:31,0
DA:37,0
DA:42,0
DA:43,0
DA:45,0
LF:7
LH:0
BRF:0
BRH:0
end_of_record
TN:
SF:/Users/song/GradutionProject/edu-graph-vue3/src/views/settings/setting.header.vue
FNF:0
FNH:0
DA:8,0
DA:10,0
LF:2
LH:0
BRF:0
BRH:0
end_of_record
TN:
SF:/Users/song/GradutionProject/edu-graph-vue3/src/views/user/user.edit.vue
FN:70,(anonymous_0)
FN:103,(anonymous_1)
FN:106,(anonymous_2)
FN:109,(anonymous_3)
FN:113,(anonymous_4)
FNF:5
FNH:0
FNDA:0,(anonymous_0)
FNDA:0,(anonymous_1)
FNDA:0,(anonymous_2)
FNDA:0,(anonymous_3)
FNDA:0,(anonymous_4)
DA:55,0
DA:69,0
DA:71,0
DA:72,0
DA:81,0
DA:103,0
DA:104,0
DA:107,0
DA:110,0
DA:113,0
DA:114,0
DA:116,0
LF:12
LH:0
BRF:0
BRH:0
end_of_record
TN:
SF:/Users/song/GradutionProject/edu-graph-vue3/src/views/user/user.star.vue
FNF:0
FNH:0
DA:6,0
DA:8,0
LF:2
LH:0
BRF:0
BRH:0
end_of_record
